2020-07-24 08:16:55.682 [main] INFO  org.jeecg.JeecgApplication:50 - Starting JeecgApplication on fjhghgg with PID 1420 (E:\work\zhxy\jeecg-boot\jeecg-boot-module-system\target\classes started by jh in E:\work\zhxy\jeecg-boot\jeecg-boot-module-system)
2020-07-24 08:16:55.682 [main] INFO  org.jeecg.JeecgApplication:679 - The following profiles are active: dev
2020-07-24 08:17:00.189 [main] INFO  o.s.d.r.config.RepositoryConfigurationDelegate:244 - Multiple Spring Data modules found, entering strict repository configuration mode!
2020-07-24 08:17:00.192 [main] INFO  o.s.d.r.config.RepositoryConfigurationDelegate:126 - Bootstrapping Spring Data repositories in DEFAULT mode.
2020-07-24 08:17:00.405 [main] INFO  o.s.d.r.config.RepositoryConfigurationDelegate:182 - Finished Spring Data repository scanning in 84ms. Found 0 repository interfaces.
2020-07-24 08:17:01.172 [main] INFO  o.s.c.s.PostProcessorRegistrationDelegate$BeanPostProcessorChecker:330 - Bean 'shiroConfig' of type [org.jeecg.config.ShiroConfig$$EnhancerBySpringCGLIB$$69f4bda4] is not eligible for getting processed by all BeanPostProcessors (for example: not eligible for auto-proxying)
2020-07-24 08:17:01.283 [main] INFO  o.s.c.s.PostProcessorRegistrationDelegate$BeanPostProcessorChecker:330 - Bean 'shiroRealm' of type [org.jeecg.modules.shiro.authc.ShiroRealm] is not eligible for getting processed by all BeanPostProcessors (for example: not eligible for auto-proxying)
2020-07-24 08:17:01.862 [main] INFO  org.jeecg.config.ShiroConfig:202 - ===============(1)创建缓存管理器RedisCacheManager
2020-07-24 08:17:01.862 [main] INFO  org.jeecg.config.ShiroConfig:220 - ===============(2)创建RedisManager,连接Redis..URL= 192.168.101.63:6379
2020-07-24 08:17:01.884 [main] INFO  o.s.c.s.PostProcessorRegistrationDelegate$BeanPostProcessorChecker:330 - Bean 'redisManager' of type [org.crazycake.shiro.RedisManager] is not eligible for getting processed by all BeanPostProcessors (for example: not eligible for auto-proxying)
2020-07-24 08:17:01.884 [main] INFO  o.s.c.s.PostProcessorRegistrationDelegate$BeanPostProcessorChecker:330 - Bean 'securityManager' of type [org.apache.shiro.web.mgt.DefaultWebSecurityManager] is not eligible for getting processed by all BeanPostProcessors (for example: not eligible for auto-proxying)
2020-07-24 08:17:01.931 [main] INFO  o.s.c.s.PostProcessorRegistrationDelegate$BeanPostProcessorChecker:330 - Bean 'authorizationAttributeSourceAdvisor' of type [org.apache.shiro.spring.security.interceptor.AuthorizationAttributeSourceAdvisor] is not eligible for getting processed by all BeanPostProcessors (for example: not eligible for auto-proxying)
2020-07-24 08:17:02.078 [main] INFO  o.s.c.s.PostProcessorRegistrationDelegate$BeanPostProcessorChecker:330 - Bean 'org.springframework.transaction.annotation.ProxyTransactionManagementConfiguration' of type [org.springframework.transaction.annotation.ProxyTransactionManagementConfiguration$$EnhancerBySpringCGLIB$$49ef540e] is not eligible for getting processed by all BeanPostProcessors (for example: not eligible for auto-proxying)
2020-07-24 08:17:02.468 [main] INFO  o.s.c.s.PostProcessorRegistrationDelegate$BeanPostProcessorChecker:330 - Bean 'spring.datasource.dynamic-com.baomidou.dynamic.datasource.spring.boot.autoconfigure.DynamicDataSourceProperties' of type [com.baomidou.dynamic.datasource.spring.boot.autoconfigure.DynamicDataSourceProperties] is not eligible for getting processed by all BeanPostProcessors (for example: not eligible for auto-proxying)
2020-07-24 08:17:02.477 [main] INFO  o.s.c.s.PostProcessorRegistrationDelegate$BeanPostProcessorChecker:330 - Bean 'com.baomidou.dynamic.datasource.spring.boot.autoconfigure.DynamicDataSourceAutoConfiguration' of type [com.baomidou.dynamic.datasource.spring.boot.autoconfigure.DynamicDataSourceAutoConfiguration$$EnhancerBySpringCGLIB$$b37dc4df] is not eligible for getting processed by all BeanPostProcessors (for example: not eligible for auto-proxying)
2020-07-24 08:17:02.487 [main] INFO  o.s.c.s.PostProcessorRegistrationDelegate$BeanPostProcessorChecker:330 - Bean 'dsProcessor' of type [com.baomidou.dynamic.datasource.processor.DsHeaderProcessor] is not eligible for getting processed by all BeanPostProcessors (for example: not eligible for auto-proxying)
2020-07-24 08:17:02.499 [main] INFO  o.s.c.s.PostProcessorRegistrationDelegate$BeanPostProcessorChecker:330 - Bean 'dynamicDatasourceAnnotationAdvisor' of type [com.baomidou.dynamic.datasource.aop.DynamicDataSourceAnnotationAdvisor] is not eligible for getting processed by all BeanPostProcessors (for example: not eligible for auto-proxying)
2020-07-24 08:17:02.549 [main] INFO  o.s.c.s.PostProcessorRegistrationDelegate$BeanPostProcessorChecker:330 - Bean 'spring.redis-org.springframework.boot.autoconfigure.data.redis.RedisProperties' of type [org.springframework.boot.autoconfigure.data.redis.RedisProperties] is not eligible for getting processed by all BeanPostProcessors (for example: not eligible for auto-proxying)
2020-07-24 08:17:02.559 [main] INFO  o.s.c.s.PostProcessorRegistrationDelegate$BeanPostProcessorChecker:330 - Bean 'org.springframework.boot.autoconfigure.data.redis.LettuceConnectionConfiguration' of type [org.springframework.boot.autoconfigure.data.redis.LettuceConnectionConfiguration$$EnhancerBySpringCGLIB$$5f091258] is not eligible for getting processed by all BeanPostProcessors (for example: not eligible for auto-proxying)
2020-07-24 08:17:02.894 [main] INFO  o.s.c.s.PostProcessorRegistrationDelegate$BeanPostProcessorChecker:330 - Bean 'lettuceClientResources' of type [io.lettuce.core.resource.DefaultClientResources] is not eligible for getting processed by all BeanPostProcessors (for example: not eligible for auto-proxying)
2020-07-24 08:17:03.126 [main] INFO  o.s.c.s.PostProcessorRegistrationDelegate$BeanPostProcessorChecker:330 - Bean 'redisConnectionFactory' of type [org.springframework.data.redis.connection.lettuce.LettuceConnectionFactory] is not eligible for getting processed by all BeanPostProcessors (for example: not eligible for auto-proxying)
2020-07-24 08:17:03.141 [main] INFO  o.s.c.s.PostProcessorRegistrationDelegate$BeanPostProcessorChecker:330 - Bean 'redisConfig' of type [org.jeecg.config.RedisConfig$$EnhancerBySpringCGLIB$$b4c344ee] is not eligible for getting processed by all BeanPostProcessors (for example: not eligible for auto-proxying)
2020-07-24 08:17:03.179 [main] INFO  o.s.c.s.PostProcessorRegistrationDelegate$BeanPostProcessorChecker:330 - Bean 'org.apache.shiro.spring.boot.autoconfigure.ShiroBeanAutoConfiguration' of type [org.apache.shiro.spring.boot.autoconfigure.ShiroBeanAutoConfiguration$$EnhancerBySpringCGLIB$$5d0831be] is not eligible for getting processed by all BeanPostProcessors (for example: not eligible for auto-proxying)
2020-07-24 08:17:03.179 [main] INFO  o.s.c.s.PostProcessorRegistrationDelegate$BeanPostProcessorChecker:330 - Bean 'eventBus' of type [org.apache.shiro.event.support.DefaultEventBus] is not eligible for getting processed by all BeanPostProcessors (for example: not eligible for auto-proxying)
2020-07-24 08:17:03.813 [main] INFO  o.s.boot.web.embedded.tomcat.TomcatWebServer:90 - Tomcat initialized with port(s): 8080 (http)
2020-07-24 08:17:03.843 [main] INFO  org.apache.coyote.http11.Http11NioProtocol:173 - Initializing ProtocolHandler ["http-nio-8080"]
2020-07-24 08:17:03.861 [main] INFO  org.apache.catalina.core.StandardService:173 - Starting service [Tomcat]
2020-07-24 08:17:03.861 [main] INFO  org.apache.catalina.core.StandardEngine:173 - Starting Servlet engine: [Apache Tomcat/9.0.16]
2020-07-24 08:17:03.904 [main] INFO  org.apache.catalina.core.AprLifecycleListener:173 - The APR based Apache Tomcat Native library which allows optimal performance in production environments was not found on the java.library.path: [C:\Program Files\Java\jdk1.8.0_191\bin;C:\Windows\Sun\Java\bin;C:\Windows\system32;C:\Windows;C:\Program Files (x86)\Common Files\Oracle\Java\javapath;c:\oracle\product\10.2.0\client_1\bin;D:\Yarn\bin\;"C:\Program Files\Java\jdk1.8.0_191\bin;C:\Program Files\Java\jdk1.8.0_191\jre\bin";D:\nodejs\;C:\Program Files\TortoiseSVN\bin;C:\Users\jh\AppData\Local\Microsoft\WindowsApps;D:\nodejs\node_global;c:\windows\system32;D:\Microsoft VS Code\bin;C:\Users\jh\AppData\Local\Yarn\bin;;.]
2020-07-24 08:17:04.094 [main] INFO  o.a.c.c.C.[Tomcat].[localhost].[/jeecg-boot]:173 - Initializing Spring embedded WebApplicationContext
2020-07-24 08:17:04.094 [main] INFO  org.springframework.web.context.ContextLoader:296 - Root WebApplicationContext: initialization completed in 8359 ms
2020-07-24 08:17:04.597 [main] INFO  c.b.dynamic.datasource.DynamicDataSourceCreator:113 - 动态数据源-检测到druid存在,如配置中未指定type,druid会默认配置
2020-07-24 08:17:04.607 [main] WARN  com.alibaba.druid.pool.DruidAbstractDataSource:1214 - oracle.jdbc.driver.OracleDriver is deprecated.Having use oracle.jdbc.OracleDriver.
2020-07-24 08:17:05.693 [main] INFO  com.alibaba.druid.pool.DruidDataSource:1003 - {dataSource-1,master} inited
2020-07-24 08:17:05.708 [main] WARN  com.alibaba.druid.pool.DruidAbstractDataSource:1214 - oracle.jdbc.driver.OracleDriver is deprecated.Having use oracle.jdbc.OracleDriver.
2020-07-24 08:17:05.841 [main] INFO  com.alibaba.druid.pool.DruidDataSource:1003 - {dataSource-2,scmplat} inited
2020-07-24 08:17:05.841 [main] INFO  c.b.dynamic.datasource.DynamicRoutingDataSource:203 - 初始共加载 2 个数据源
2020-07-24 08:17:05.841 [main] INFO  c.b.dynamic.datasource.DynamicRoutingDataSource:142 - 动态数据源-加载 scmplat 成功
2020-07-24 08:17:05.841 [main] INFO  c.b.dynamic.datasource.DynamicRoutingDataSource:142 - 动态数据源-加载 master 成功
2020-07-24 08:17:05.841 [main] INFO  c.b.dynamic.datasource.DynamicRoutingDataSource:212 - 当前的默认数据源是单数据源，数据源名为 master
2020-07-24 08:17:09.399 [main] INFO  org.quartz.impl.StdSchedulerFactory:1208 - Using default implementation for ThreadExecutor
2020-07-24 08:17:09.409 [main] INFO  org.quartz.simpl.SimpleThreadPool:268 - Job execution threads will use class loader of thread: main
2020-07-24 08:17:09.427 [main] INFO  org.quartz.core.SchedulerSignalerImpl:61 - Initialized Scheduler Signaller of type: class org.quartz.core.SchedulerSignalerImpl
2020-07-24 08:17:09.427 [main] INFO  org.quartz.core.QuartzScheduler:229 - Quartz Scheduler v.2.3.0 created.
2020-07-24 08:17:09.429 [main] INFO  o.s.scheduling.quartz.LocalDataSourceJobStore:672 - Using db table-based data access locking (synchronization).
2020-07-24 08:17:09.437 [main] INFO  o.s.scheduling.quartz.LocalDataSourceJobStore:145 - JobStoreCMT initialized.
2020-07-24 08:17:09.439 [main] INFO  org.quartz.core.QuartzScheduler:294 - Scheduler meta-data: Quartz Scheduler (v2.3.0) 'MyScheduler' with instanceId 'fjhghgg1595549829408'
  Scheduler class: 'org.quartz.core.QuartzScheduler' - running locally.
  NOT STARTED.
  Currently in standby mode.
  Number of jobs executed: 0
  Using thread pool 'org.quartz.simpl.SimpleThreadPool' - with 10 threads.
  Using job-store 'org.springframework.scheduling.quartz.LocalDataSourceJobStore' - which supports persistence. and is clustered.

2020-07-24 08:17:09.439 [main] INFO  org.quartz.impl.StdSchedulerFactory:1362 - Quartz scheduler 'MyScheduler' initialized from an externally provided properties instance.
2020-07-24 08:17:09.439 [main] INFO  org.quartz.impl.StdSchedulerFactory:1366 - Quartz scheduler version: 2.3.0
2020-07-24 08:17:09.439 [main] INFO  org.quartz.core.QuartzScheduler:2287 - JobFactory set to: org.springframework.scheduling.quartz.SpringBeanJobFactory@21ed4a51
2020-07-24 08:17:11.287 [main] INFO  o.s.b.actuate.endpoint.web.EndpointLinksResolver:59 - Exposing 2 endpoint(s) beneath base path '/actuator'
2020-07-24 08:17:11.531 [main] INFO  s.d.s.w.PropertySourcedRequestMappingHandlerMapping:69 - Mapped URL path [/v2/api-docs] onto method [public org.springframework.http.ResponseEntity<springfox.documentation.spring.web.json.Json> springfox.documentation.swagger2.web.Swagger2Controller.getDocumentation(java.lang.String,javax.servlet.http.HttpServletRequest)]
2020-07-24 08:17:11.903 [main] INFO  o.s.scheduling.concurrent.ThreadPoolTaskExecutor:171 - Initializing ExecutorService 'applicationTaskExecutor'
2020-07-24 08:17:12.827 [main] INFO  s.d.s.web.plugins.DocumentationPluginsBootstrapper:160 - Context refreshed
2020-07-24 08:17:12.877 [main] INFO  s.d.s.web.plugins.DocumentationPluginsBootstrapper:163 - Found 1 custom documentation plugin(s)
2020-07-24 08:17:12.997 [main] INFO  s.d.spring.web.scanners.ApiListingReferenceScanner:41 - Scanning for api listing references
2020-07-24 08:17:13.249 [main] INFO  s.d.s.w.r.operation.CachingOperationNameGenerator:40 - Generating unique operation named: addUsingPOST_1
2020-07-24 08:17:13.257 [main] INFO  s.d.s.w.r.operation.CachingOperationNameGenerator:40 - Generating unique operation named: deleteUsingDELETE_1
2020-07-24 08:17:13.259 [main] INFO  s.d.s.w.r.operation.CachingOperationNameGenerator:40 - Generating unique operation named: deleteBatchUsingDELETE_1
2020-07-24 08:17:13.259 [main] INFO  s.d.s.w.r.operation.CachingOperationNameGenerator:40 - Generating unique operation named: editUsingPUT_1
2020-07-24 08:17:13.259 [main] INFO  s.d.s.w.r.operation.CachingOperationNameGenerator:40 - Generating unique operation named: queryByIdUsingGET_1
2020-07-24 08:17:13.259 [main] INFO  s.d.s.w.r.operation.CachingOperationNameGenerator:40 - Generating unique operation named: queryPageListUsingGET_1
2020-07-24 08:17:13.269 [main] INFO  s.d.s.w.r.operation.CachingOperationNameGenerator:40 - Generating unique operation named: addUsingPOST_2
2020-07-24 08:17:13.279 [main] INFO  s.d.s.w.r.operation.CachingOperationNameGenerator:40 - Generating unique operation named: deleteUsingDELETE_2
2020-07-24 08:17:13.279 [main] INFO  s.d.s.w.r.operation.CachingOperationNameGenerator:40 - Generating unique operation named: deleteBatchUsingDELETE_2
2020-07-24 08:17:13.279 [main] INFO  s.d.s.w.r.operation.CachingOperationNameGenerator:40 - Generating unique operation named: editUsingPUT_2
2020-07-24 08:17:13.289 [main] INFO  s.d.s.w.r.operation.CachingOperationNameGenerator:40 - Generating unique operation named: queryByIdUsingGET_2
2020-07-24 08:17:13.339 [main] INFO  s.d.s.w.r.operation.CachingOperationNameGenerator:40 - Generating unique operation named: addUsingPOST_3
2020-07-24 08:17:13.347 [main] INFO  s.d.s.w.r.operation.CachingOperationNameGenerator:40 - Generating unique operation named: deleteUsingDELETE_3
2020-07-24 08:17:13.347 [main] INFO  s.d.s.w.r.operation.CachingOperationNameGenerator:40 - Generating unique operation named: deleteBatchUsingDELETE_3
2020-07-24 08:17:13.349 [main] INFO  s.d.s.w.r.operation.CachingOperationNameGenerator:40 - Generating unique operation named: editUsingPUT_3
2020-07-24 08:17:13.349 [main] INFO  s.d.s.w.r.operation.CachingOperationNameGenerator:40 - Generating unique operation named: queryByIdUsingGET_3
2020-07-24 08:17:13.349 [main] INFO  s.d.s.w.r.operation.CachingOperationNameGenerator:40 - Generating unique operation named: queryPageListUsingGET_2
2020-07-24 08:17:13.360 [main] INFO  s.d.s.w.r.operation.CachingOperationNameGenerator:40 - Generating unique operation named: addUsingPOST_4
2020-07-24 08:17:13.360 [main] INFO  s.d.s.w.r.operation.CachingOperationNameGenerator:40 - Generating unique operation named: deleteUsingDELETE_4
2020-07-24 08:17:13.360 [main] INFO  s.d.s.w.r.operation.CachingOperationNameGenerator:40 - Generating unique operation named: deleteBatchUsingDELETE_4
2020-07-24 08:17:13.360 [main] INFO  s.d.s.w.r.operation.CachingOperationNameGenerator:40 - Generating unique operation named: editUsingPUT_4
2020-07-24 08:17:13.368 [main] INFO  s.d.s.w.r.operation.CachingOperationNameGenerator:40 - Generating unique operation named: queryByIdUsingGET_4
2020-07-24 08:17:13.370 [main] INFO  s.d.s.w.r.operation.CachingOperationNameGenerator:40 - Generating unique operation named: queryPageListUsingGET_3
2020-07-24 08:17:13.378 [main] INFO  s.d.s.w.r.operation.CachingOperationNameGenerator:40 - Generating unique operation named: addUsingPOST_5
2020-07-24 08:17:13.380 [main] INFO  s.d.s.w.r.operation.CachingOperationNameGenerator:40 - Generating unique operation named: deleteUsingDELETE_5
2020-07-24 08:17:13.380 [main] INFO  s.d.s.w.r.operation.CachingOperationNameGenerator:40 - Generating unique operation named: deleteBatchUsingDELETE_5
2020-07-24 08:17:13.380 [main] INFO  s.d.s.w.r.operation.CachingOperationNameGenerator:40 - Generating unique operation named: editUsingPUT_5
2020-07-24 08:17:13.380 [main] INFO  s.d.s.w.r.operation.CachingOperationNameGenerator:40 - Generating unique operation named: queryByIdUsingGET_5
2020-07-24 08:17:13.388 [main] INFO  s.d.s.w.r.operation.CachingOperationNameGenerator:40 - Generating unique operation named: queryPageListUsingGET_4
2020-07-24 08:17:13.390 [main] INFO  s.d.s.w.r.operation.CachingOperationNameGenerator:40 - Generating unique operation named: addUsingPOST_6
2020-07-24 08:17:13.390 [main] INFO  s.d.s.w.r.operation.CachingOperationNameGenerator:40 - Generating unique operation named: deleteUsingDELETE_6
2020-07-24 08:17:13.390 [main] INFO  s.d.s.w.r.operation.CachingOperationNameGenerator:40 - Generating unique operation named: deleteBatchUsingDELETE_6
2020-07-24 08:17:13.400 [main] INFO  s.d.s.w.r.operation.CachingOperationNameGenerator:40 - Generating unique operation named: editUsingPUT_6
2020-07-24 08:17:13.400 [main] INFO  s.d.s.w.r.operation.CachingOperationNameGenerator:40 - Generating unique operation named: queryByIdUsingGET_6
2020-07-24 08:17:13.400 [main] INFO  s.d.s.w.r.operation.CachingOperationNameGenerator:40 - Generating unique operation named: queryPageListUsingGET_5
2020-07-24 08:17:13.410 [main] INFO  s.d.s.w.r.operation.CachingOperationNameGenerator:40 - Generating unique operation named: addUsingPOST_7
2020-07-24 08:17:13.410 [main] INFO  s.d.s.w.r.operation.CachingOperationNameGenerator:40 - Generating unique operation named: deleteUsingDELETE_7
2020-07-24 08:17:13.410 [main] INFO  s.d.s.w.r.operation.CachingOperationNameGenerator:40 - Generating unique operation named: deleteBatchUsingDELETE_7
2020-07-24 08:17:13.410 [main] INFO  s.d.s.w.r.operation.CachingOperationNameGenerator:40 - Generating unique operation named: editUsingPUT_7
2020-07-24 08:17:13.418 [main] INFO  s.d.s.w.r.operation.CachingOperationNameGenerator:40 - Generating unique operation named: queryByIdUsingGET_7
2020-07-24 08:17:13.420 [main] INFO  s.d.s.w.r.operation.CachingOperationNameGenerator:40 - Generating unique operation named: queryPageListUsingGET_6
2020-07-24 08:17:13.430 [main] INFO  s.d.s.w.r.operation.CachingOperationNameGenerator:40 - Generating unique operation named: addUsingPOST_8
2020-07-24 08:17:13.430 [main] INFO  s.d.s.w.r.operation.CachingOperationNameGenerator:40 - Generating unique operation named: deleteUsingDELETE_8
2020-07-24 08:17:13.430 [main] INFO  s.d.s.w.r.operation.CachingOperationNameGenerator:40 - Generating unique operation named: deleteBatchUsingDELETE_8
2020-07-24 08:17:13.430 [main] INFO  s.d.s.w.r.operation.CachingOperationNameGenerator:40 - Generating unique operation named: editUsingPUT_8
2020-07-24 08:17:13.430 [main] INFO  s.d.s.w.r.operation.CachingOperationNameGenerator:40 - Generating unique operation named: queryByIdUsingGET_8
2020-07-24 08:17:13.440 [main] INFO  s.d.s.w.r.operation.CachingOperationNameGenerator:40 - Generating unique operation named: queryPageListUsingGET_7
2020-07-24 08:17:13.450 [main] INFO  o.s.scheduling.quartz.SchedulerFactoryBean:726 - Starting Quartz Scheduler now
2020-07-24 08:17:13.681 [main] INFO  o.s.scheduling.quartz.LocalDataSourceJobStore:3629 - ClusterManager: detected 1 failed or restarted instances.
2020-07-24 08:17:13.689 [main] INFO  o.s.scheduling.quartz.LocalDataSourceJobStore:3488 - ClusterManager: Scanning for instance "DWPC00031595505358565"'s failed in-progress jobs.
2020-07-24 08:17:13.732 [main] INFO  org.quartz.core.QuartzScheduler:547 - Scheduler MyScheduler_$_fjhghgg1595549829408 started.
2020-07-24 08:17:13.750 [main] INFO  org.apache.coyote.http11.Http11NioProtocol:173 - Starting ProtocolHandler ["http-nio-8080"]
2020-07-24 08:17:13.846 [main] INFO  o.s.boot.web.embedded.tomcat.TomcatWebServer:204 - Tomcat started on port(s): 8080 (http) with context path '/jeecg-boot'
2020-07-24 08:17:13.852 [main] INFO  org.jeecg.JeecgApplication:59 - Started JeecgApplication in 19.023 seconds (JVM running for 19.565)
2020-07-24 08:17:13.896 [main] INFO  org.jeecg.JeecgApplication:29 - 
----------------------------------------------------------
	Application Jeecg-Boot is running! Access URLs:
	Local: 		http://localhost:8080/jeecg-boot/
	External: 	http://192.168.120.138:8080/jeecg-boot/
	Swagger-UI: 		http://192.168.120.138:8080/jeecg-boot/doc.html
----------------------------------------------------------
2020-07-24 08:18:58.606 [http-nio-8080-exec-9] INFO  o.a.c.c.C.[Tomcat].[localhost].[/jeecg-boot]:173 - Initializing Spring DispatcherServlet 'dispatcherServlet'
2020-07-24 08:18:58.606 [http-nio-8080-exec-9] INFO  org.springframework.web.servlet.DispatcherServlet:524 - Initializing Servlet 'dispatcherServlet'
2020-07-24 08:18:58.645 [http-nio-8080-exec-9] INFO  org.springframework.web.servlet.DispatcherServlet:546 - Completed initialization in 38 ms
2020-07-24 08:18:59.197 [http-nio-8080-exec-9] INFO  io.lettuce.core.EpollProvider:68 - Starting without optional epoll library
2020-07-24 08:18:59.199 [http-nio-8080-exec-9] INFO  io.lettuce.core.KqueueProvider:70 - Starting without optional kqueue library
2020-07-24 08:19:14.019 [http-nio-8080-exec-8] DEBUG o.j.m.system.mapper.SysUserMapper.getUserByName:143 - ==>  Preparing: select * from sys_user where username = ? and del_flag = 0 
2020-07-24 08:19:14.027 [http-nio-8080-exec-8] DEBUG o.j.m.system.mapper.SysUserMapper.getUserByName:143 - ==> Parameters: admin(String)
2020-07-24 08:19:14.047 [http-nio-8080-exec-8] DEBUG o.j.m.system.mapper.SysUserMapper.getUserByName:143 - <==      Total: 1
2020-07-24 08:19:14.376 [http-nio-8080-exec-8] DEBUG o.j.m.s.mapper.SysDepartMapper.queryUserDeparts:143 - ==>  Preparing: select * from sys_depart where id IN ( select dep_id from sys_user_depart where user_id = ? ) 
2020-07-24 08:19:14.378 [http-nio-8080-exec-8] DEBUG o.j.m.s.mapper.SysDepartMapper.queryUserDeparts:143 - ==> Parameters: e9ca23d68d884d4ebb19d07889727dae(String)
2020-07-24 08:19:14.383 [http-nio-8080-exec-8] DEBUG o.j.m.s.mapper.SysDepartMapper.queryUserDeparts:143 - <==      Total: 1
2020-07-24 08:19:14.386 [http-nio-8080-exec-8] DEBUG o.j.m.system.mapper.SysUserMapper.updateUserDepart:143 - ==>  Preparing: UPDATE sys_user SET org_code = ? where username = ? 
2020-07-24 08:19:14.387 [http-nio-8080-exec-8] DEBUG o.j.m.system.mapper.SysUserMapper.updateUserDepart:143 - ==> Parameters: A01(String), admin(String)
2020-07-24 08:19:14.412 [http-nio-8080-exec-8] DEBUG o.j.m.system.mapper.SysUserMapper.updateUserDepart:143 - <==    Updates: 1
2020-07-24 08:19:14.506 [http-nio-8080-exec-8] DEBUG o.j.modules.system.mapper.SysDictMapper.selectList:143 - ==>  Preparing: SELECT id,type,dict_name,dict_code,description,del_flag,create_by,create_time,update_by,update_time FROM sys_dict WHERE del_flag=0 
2020-07-24 08:19:14.507 [http-nio-8080-exec-8] DEBUG o.j.modules.system.mapper.SysDictMapper.selectList:143 - ==> Parameters: 
2020-07-24 08:19:14.532 [http-nio-8080-exec-8] DEBUG o.j.modules.system.mapper.SysDictMapper.selectList:143 - <==      Total: 69
2020-07-24 08:19:14.617 [http-nio-8080-exec-8] DEBUG o.j.m.system.mapper.SysDictItemMapper.selectList:143 - ==>  Preparing: SELECT id,dict_id,item_text,item_value,description,sort_order,status,create_by,create_time,update_by,update_time FROM sys_dict_item WHERE status = ? ORDER BY sort_order ASC 
2020-07-24 08:19:14.619 [http-nio-8080-exec-8] DEBUG o.j.m.system.mapper.SysDictItemMapper.selectList:143 - ==> Parameters: 1(Integer)
2020-07-24 08:19:14.690 [http-nio-8080-exec-8] DEBUG o.j.m.system.mapper.SysDictItemMapper.selectList:143 - <==      Total: 434
2020-07-24 08:19:14.792 [http-nio-8080-exec-8] DEBUG o.jeecg.modules.system.mapper.SysLogMapper.insert:143 - ==>  Preparing: INSERT INTO sys_log ( id, create_time, ip, log_content, log_type ) VALUES ( ?, ?, ?, ?, ? ) 
2020-07-24 08:19:14.794 [http-nio-8080-exec-8] DEBUG o.jeecg.modules.system.mapper.SysLogMapper.insert:143 - ==> Parameters: 1286455868039655426(String), 2020-07-24 08:19:14.699(Timestamp), 127.0.0.1(String), 用户名: admin,登录成功！(String), 1(Integer)
2020-07-24 08:19:14.846 [http-nio-8080-exec-8] DEBUG o.jeecg.modules.system.mapper.SysLogMapper.insert:143 - <==    Updates: 1
2020-07-24 08:19:14.904 [http-nio-8080-exec-4] DEBUG o.j.m.system.mapper.SysUserMapper.getUserByName:143 - ==>  Preparing: select * from sys_user where username = ? and del_flag = 0 
2020-07-24 08:19:14.905 [http-nio-8080-exec-4] DEBUG o.j.m.system.mapper.SysUserMapper.getUserByName:143 - ==> Parameters: admin(String)
2020-07-24 08:19:14.909 [http-nio-8080-exec-4] DEBUG o.j.m.system.mapper.SysUserMapper.getUserByName:143 - <==      Total: 1
2020-07-24 08:19:14.990 [http-nio-8080-exec-4] INFO  o.j.m.system.controller.SysPermissionController:206 -  ------ 通过令牌获取用户拥有的访问菜单 ---- TOKEN ------ eyJ0eXAiOiJKV1QiLCJhbGciOiJIUzI1NiJ9.eyJleHAiOjE1OTU1NTE3NTQsInVzZXJuYW1lIjoiYWRtaW4ifQ.YioEBhHn1eJon6qELqILZDXs29w-HRy_N2C09Vaq678
2020-07-24 08:19:15.009 [http-nio-8080-exec-4] DEBUG o.j.m.s.mapper.SysPermissionMapper.queryByUser:143 - ==>  Preparing: SELECT * FROM ( SELECT p.* FROM sys_permission p WHERE (exists( select a.id from sys_role_permission a join sys_role b on a.role_id = b.id join sys_user_role c on c.role_id = b.id join sys_user d on d.id = c.user_id where p.id = a.permission_id AND d.username = ? ) or (p.url like '%:code' and p.url like '/online%' and p.hidden = 1) or p.url = '/online') and p.del_flag = 0 UNION SELECT p.* FROM sys_permission p WHERE exists( select a.id from sys_depart_role_permission a join sys_depart_role b on a.role_id = b.id join sys_depart_role_user c on c.drole_id = b.id join sys_user d on d.id = c.user_id where p.id = a.permission_id AND d.username = ? ) and p.del_flag = 0 ) h order by h.sort_no ASC 
2020-07-24 08:19:15.034 [http-nio-8080-exec-4] DEBUG o.j.m.s.mapper.SysPermissionMapper.queryByUser:143 - ==> Parameters: admin(String), admin(String)
2020-07-24 08:19:15.062 [http-nio-8080-exec-4] DEBUG o.j.m.s.mapper.SysPermissionMapper.queryByUser:143 - <==      Total: 115
2020-07-24 08:19:15.080 [http-nio-8080-exec-4] DEBUG o.j.m.system.mapper.SysPermissionMapper.selectList:143 - ==>  Preparing: SELECT id,parent_id,name,perms,perms_type,icon,component,component_name,url,redirect,sort_no,menu_type,is_leaf AS leaf,is_route AS route,keep_alive,description,create_by,del_flag,rule_flag,hidden,create_time,update_by,update_time,status,always_show,internal_or_external FROM sys_permission WHERE del_flag = ? AND menu_type = ? 
2020-07-24 08:19:15.083 [http-nio-8080-exec-4] DEBUG o.j.m.system.mapper.SysPermissionMapper.selectList:143 - ==> Parameters: 0(Integer), 2(Integer)
2020-07-24 08:19:15.087 [http-nio-8080-exec-4] DEBUG o.j.m.system.mapper.SysPermissionMapper.selectList:143 - <==      Total: 3
2020-07-24 08:19:16.005 [http-nio-8080-exec-6] INFO  org.jeecg.modules.message.websocket.WebSocket:42 - 【websocket消息】有新的连接，总数为:1
2020-07-24 08:19:16.229 [http-nio-8080-exec-1] DEBUG o.j.m.s.mapper.SysLogMapper.findTotalVisitCount:143 - ==>  Preparing: select count(1) from sys_log where log_type = 1 
2020-07-24 08:19:16.235 [http-nio-8080-exec-9] DEBUG o.j.m.system.mapper.SysLogMapper.findVisitCount:143 - ==>  Preparing: select count(*) as visit ,count(distinct(ip)) as ip ,to_char(create_time, 'yyyy-mm-dd') as tian ,to_char(create_time, 'mm-dd') as type from sys_log where log_type = 1 and create_time >= ? and create_time < ? group by to_char(create_time, 'yyyy-mm-dd'),to_char(create_time, 'mm-dd') order by to_char(create_time, 'yyyy-mm-dd') asc 
2020-07-24 08:19:16.236 [http-nio-8080-exec-1] DEBUG o.j.m.s.mapper.SysLogMapper.findTotalVisitCount:143 - ==> Parameters: 
2020-07-24 08:19:16.239 [http-nio-8080-exec-9] DEBUG o.j.m.system.mapper.SysLogMapper.findVisitCount:143 - ==> Parameters: 2020-07-18 00:00:00.0(Timestamp), 2020-07-25 00:00:00.0(Timestamp)
2020-07-24 08:19:16.239 [http-nio-8080-exec-1] DEBUG o.j.m.s.mapper.SysLogMapper.findTotalVisitCount:143 - <==      Total: 1
2020-07-24 08:19:16.241 [http-nio-8080-exec-1] DEBUG o.j.m.s.mapper.SysLogMapper.findTodayVisitCount:143 - ==>  Preparing: select count(1) from sys_log where log_type = 1 and create_time >= ? and create_time < ? 
2020-07-24 08:19:16.242 [http-nio-8080-exec-1] DEBUG o.j.m.s.mapper.SysLogMapper.findTodayVisitCount:143 - ==> Parameters: 2020-07-24 00:00:00.0(Timestamp), 2020-07-25 00:00:00.0(Timestamp)
2020-07-24 08:19:16.244 [http-nio-8080-exec-9] DEBUG o.j.m.system.mapper.SysLogMapper.findVisitCount:143 - <==      Total: 6
2020-07-24 08:19:16.250 [http-nio-8080-exec-1] DEBUG o.j.m.s.mapper.SysLogMapper.findTodayVisitCount:143 - <==      Total: 1
2020-07-24 08:19:16.251 [http-nio-8080-exec-1] DEBUG o.j.modules.system.mapper.SysLogMapper.findTodayIp:143 - ==>  Preparing: select count(distinct(ip)) from sys_log where log_type = 1 and create_time >= ? and create_time < ? 
2020-07-24 08:19:16.253 [http-nio-8080-exec-1] DEBUG o.j.modules.system.mapper.SysLogMapper.findTodayIp:143 - ==> Parameters: 2020-07-24 00:00:00.0(Timestamp), 2020-07-25 00:00:00.0(Timestamp)
2020-07-24 08:19:16.260 [http-nio-8080-exec-1] DEBUG o.j.modules.system.mapper.SysLogMapper.findTodayIp:143 - <==      Total: 1
2020-07-24 08:19:16.266 [http-nio-8080-exec-10] DEBUG o.j.m.s.m.SysAnnouncementSendMapper.queryByUserId:143 - ==>  Preparing: select sas.annt_id from sys_announcement_send sas where sas.user_id = ? 
2020-07-24 08:19:16.267 [http-nio-8080-exec-10] DEBUG o.j.m.s.m.SysAnnouncementSendMapper.queryByUserId:143 - ==> Parameters: e9ca23d68d884d4ebb19d07889727dae(String)
2020-07-24 08:19:16.279 [http-nio-8080-exec-10] DEBUG o.j.m.s.m.SysAnnouncementSendMapper.queryByUserId:143 - <==      Total: 3
2020-07-24 08:19:16.295 [http-nio-8080-exec-10] DEBUG o.j.m.s.mapper.SysAnnouncementMapper.selectList:143 - ==>  Preparing: SELECT id,titile,msg_content,start_time,end_time,sender,priority,msg_category,msg_type,send_status,send_time,cancel_time,del_flag,create_by,create_time,update_by,update_time,user_ids,bus_type,bus_id,open_type,open_page,msg_abstract FROM sys_announcement WHERE msg_type = ? AND del_flag = ? AND send_status = ? AND end_time >= ? AND id NOT IN (?,?,?) 
2020-07-24 08:19:16.300 [http-nio-8080-exec-10] DEBUG o.j.m.s.mapper.SysAnnouncementMapper.selectList:143 - ==> Parameters: ALL(String), 0(String), 1(String), 2038-06-21 17:54:10.0(Timestamp), 93a9060a1c20e4bf98b3f768a02c2ff9(String), 1256486817286418434(String), 1256486502931722242(String)
2020-07-24 08:19:16.307 [http-nio-8080-exec-10] DEBUG o.j.m.s.mapper.SysAnnouncementMapper.selectList:143 - <==      Total: 0
2020-07-24 08:19:16.396 [http-nio-8080-exec-10] DEBUG o.j.m.s.m.S.querySysCementListByUserId:143 - ==>  Preparing: SELECT COUNT(1) FROM sys_announcement WHERE send_status = '1' AND del_flag = '0' AND msg_category = ? AND id IN (SELECT annt_id FROM sys_announcement_send WHERE user_id = ? AND read_flag = '0') 
2020-07-24 08:19:16.400 [http-nio-8080-exec-10] DEBUG o.j.m.s.m.S.querySysCementListByUserId:143 - ==> Parameters: 1(String), e9ca23d68d884d4ebb19d07889727dae(String)
2020-07-24 08:19:16.408 [http-nio-8080-exec-10] DEBUG o.j.m.s.m.S.querySysCementListByUserId:143 - ==>  Preparing: SELECT COUNT(1) FROM sys_announcement WHERE send_status = '1' AND del_flag = '0' AND msg_category = ? AND id IN (SELECT annt_id FROM sys_announcement_send WHERE user_id = ? AND read_flag = '0') 
2020-07-24 08:19:16.409 [http-nio-8080-exec-10] DEBUG o.j.m.s.m.S.querySysCementListByUserId:143 - ==> Parameters: 2(String), e9ca23d68d884d4ebb19d07889727dae(String)
2020-07-24 08:19:44.667 [http-nio-8080-exec-5] DEBUG o.jeecg.modules.system.mapper.SysLogMapper.insert:143 - ==>  Preparing: INSERT INTO sys_log ( id, create_by, create_time, cost_time, ip, request_param, method, username, userid, log_content, log_type, operate_type ) VALUES ( ?, ?, ?, ?, ?, ?, ?, ?, ?, ?, ?, ? ) 
2020-07-24 08:19:44.674 [http-nio-8080-exec-5] DEBUG o.jeecg.modules.system.mapper.SysLogMapper.insert:143 - ==> Parameters: 1286455993344487425(String), admin(String), 2020-07-24 08:19:44.665(Timestamp), 141(Long), 127.0.0.1(String),   jcBj: jcBj(id=null, bh=null, bj=null, jbny=null, njid=null, fjid=null, bzrid=null, bzid=null, bjrych=null, xz=null, bjlxm=null, wllx=null, byrq=null, sfssmzsyjxb=null, syjxmsm=null, createBy=null, createTime=null, updateBy=null, updateTime=null, delFlag=null)  pageNo: 1  pageSize: 10  req: org.apache.shiro.web.servlet.ShiroHttpServletRequest@2ad21e53(String), org.jeecg.modules.bj.controller.jcBjController.queryPageList()(String), 管理员(String), admin(String), 班级-分页列表查询(String), 2(Integer), 1(Integer)
2020-07-24 08:19:44.690 [http-nio-8080-exec-5] DEBUG o.jeecg.modules.system.mapper.SysLogMapper.insert:143 - <==    Updates: 1
2020-07-24 08:24:43.770 [http-nio-8080-exec-2] INFO  org.jeecg.modules.message.websocket.WebSocket:51 - 【websocket消息】连接断开，总数为:0
2020-07-24 09:35:29.528 [main] INFO  org.jeecg.JeecgApplication:50 - Starting JeecgApplication on fjhghgg with PID 1884 (E:\work\zhxy\jeecg-boot\jeecg-boot-module-system\target\classes started by jh in E:\work\zhxy\jeecg-boot\jeecg-boot-module-system)
2020-07-24 09:35:29.539 [main] INFO  org.jeecg.JeecgApplication:679 - The following profiles are active: dev
2020-07-24 09:35:31.435 [main] INFO  o.s.d.r.config.RepositoryConfigurationDelegate:244 - Multiple Spring Data modules found, entering strict repository configuration mode!
2020-07-24 09:35:31.439 [main] INFO  o.s.d.r.config.RepositoryConfigurationDelegate:126 - Bootstrapping Spring Data repositories in DEFAULT mode.
2020-07-24 09:35:31.516 [main] INFO  o.s.d.r.config.RepositoryConfigurationDelegate:182 - Finished Spring Data repository scanning in 63ms. Found 0 repository interfaces.
2020-07-24 09:35:31.947 [main] INFO  o.s.c.s.PostProcessorRegistrationDelegate$BeanPostProcessorChecker:330 - Bean 'shiroConfig' of type [org.jeecg.config.ShiroConfig$$EnhancerBySpringCGLIB$$e777e496] is not eligible for getting processed by all BeanPostProcessors (for example: not eligible for auto-proxying)
2020-07-24 09:35:32.068 [main] INFO  o.s.c.s.PostProcessorRegistrationDelegate$BeanPostProcessorChecker:330 - Bean 'shiroRealm' of type [org.jeecg.modules.shiro.authc.ShiroRealm] is not eligible for getting processed by all BeanPostProcessors (for example: not eligible for auto-proxying)
2020-07-24 09:35:32.500 [main] INFO  org.jeecg.config.ShiroConfig:202 - ===============(1)创建缓存管理器RedisCacheManager
2020-07-24 09:35:32.510 [main] INFO  org.jeecg.config.ShiroConfig:220 - ===============(2)创建RedisManager,连接Redis..URL= 192.168.101.63:6379
2020-07-24 09:35:32.510 [main] INFO  o.s.c.s.PostProcessorRegistrationDelegate$BeanPostProcessorChecker:330 - Bean 'redisManager' of type [org.crazycake.shiro.RedisManager] is not eligible for getting processed by all BeanPostProcessors (for example: not eligible for auto-proxying)
2020-07-24 09:35:32.520 [main] INFO  o.s.c.s.PostProcessorRegistrationDelegate$BeanPostProcessorChecker:330 - Bean 'securityManager' of type [org.apache.shiro.web.mgt.DefaultWebSecurityManager] is not eligible for getting processed by all BeanPostProcessors (for example: not eligible for auto-proxying)
2020-07-24 09:35:32.560 [main] INFO  o.s.c.s.PostProcessorRegistrationDelegate$BeanPostProcessorChecker:330 - Bean 'authorizationAttributeSourceAdvisor' of type [org.apache.shiro.spring.security.interceptor.AuthorizationAttributeSourceAdvisor] is not eligible for getting processed by all BeanPostProcessors (for example: not eligible for auto-proxying)
2020-07-24 09:35:32.671 [main] INFO  o.s.c.s.PostProcessorRegistrationDelegate$BeanPostProcessorChecker:330 - Bean 'org.springframework.transaction.annotation.ProxyTransactionManagementConfiguration' of type [org.springframework.transaction.annotation.ProxyTransactionManagementConfiguration$$EnhancerBySpringCGLIB$$c7727b00] is not eligible for getting processed by all BeanPostProcessors (for example: not eligible for auto-proxying)
2020-07-24 09:35:32.972 [main] INFO  o.s.c.s.PostProcessorRegistrationDelegate$BeanPostProcessorChecker:330 - Bean 'spring.datasource.dynamic-com.baomidou.dynamic.datasource.spring.boot.autoconfigure.DynamicDataSourceProperties' of type [com.baomidou.dynamic.datasource.spring.boot.autoconfigure.DynamicDataSourceProperties] is not eligible for getting processed by all BeanPostProcessors (for example: not eligible for auto-proxying)
2020-07-24 09:35:32.982 [main] INFO  o.s.c.s.PostProcessorRegistrationDelegate$BeanPostProcessorChecker:330 - Bean 'com.baomidou.dynamic.datasource.spring.boot.autoconfigure.DynamicDataSourceAutoConfiguration' of type [com.baomidou.dynamic.datasource.spring.boot.autoconfigure.DynamicDataSourceAutoConfiguration$$EnhancerBySpringCGLIB$$3100ebd1] is not eligible for getting processed by all BeanPostProcessors (for example: not eligible for auto-proxying)
2020-07-24 09:35:32.992 [main] INFO  o.s.c.s.PostProcessorRegistrationDelegate$BeanPostProcessorChecker:330 - Bean 'dsProcessor' of type [com.baomidou.dynamic.datasource.processor.DsHeaderProcessor] is not eligible for getting processed by all BeanPostProcessors (for example: not eligible for auto-proxying)
2020-07-24 09:35:33.002 [main] INFO  o.s.c.s.PostProcessorRegistrationDelegate$BeanPostProcessorChecker:330 - Bean 'dynamicDatasourceAnnotationAdvisor' of type [com.baomidou.dynamic.datasource.aop.DynamicDataSourceAnnotationAdvisor] is not eligible for getting processed by all BeanPostProcessors (for example: not eligible for auto-proxying)
2020-07-24 09:35:33.052 [main] INFO  o.s.c.s.PostProcessorRegistrationDelegate$BeanPostProcessorChecker:330 - Bean 'spring.redis-org.springframework.boot.autoconfigure.data.redis.RedisProperties' of type [org.springframework.boot.autoconfigure.data.redis.RedisProperties] is not eligible for getting processed by all BeanPostProcessors (for example: not eligible for auto-proxying)
2020-07-24 09:35:33.093 [main] INFO  o.s.c.s.PostProcessorRegistrationDelegate$BeanPostProcessorChecker:330 - Bean 'org.springframework.boot.autoconfigure.data.redis.LettuceConnectionConfiguration' of type [org.springframework.boot.autoconfigure.data.redis.LettuceConnectionConfiguration$$EnhancerBySpringCGLIB$$dc8c394a] is not eligible for getting processed by all BeanPostProcessors (for example: not eligible for auto-proxying)
2020-07-24 09:35:33.307 [main] INFO  o.s.c.s.PostProcessorRegistrationDelegate$BeanPostProcessorChecker:330 - Bean 'lettuceClientResources' of type [io.lettuce.core.resource.DefaultClientResources] is not eligible for getting processed by all BeanPostProcessors (for example: not eligible for auto-proxying)
2020-07-24 09:35:33.423 [main] INFO  o.s.c.s.PostProcessorRegistrationDelegate$BeanPostProcessorChecker:330 - Bean 'redisConnectionFactory' of type [org.springframework.data.redis.connection.lettuce.LettuceConnectionFactory] is not eligible for getting processed by all BeanPostProcessors (for example: not eligible for auto-proxying)
2020-07-24 09:35:33.438 [main] INFO  o.s.c.s.PostProcessorRegistrationDelegate$BeanPostProcessorChecker:330 - Bean 'redisConfig' of type [org.jeecg.config.RedisConfig$$EnhancerBySpringCGLIB$$32466be0] is not eligible for getting processed by all BeanPostProcessors (for example: not eligible for auto-proxying)
2020-07-24 09:35:33.492 [main] INFO  o.s.c.s.PostProcessorRegistrationDelegate$BeanPostProcessorChecker:330 - Bean 'org.apache.shiro.spring.boot.autoconfigure.ShiroBeanAutoConfiguration' of type [org.apache.shiro.spring.boot.autoconfigure.ShiroBeanAutoConfiguration$$EnhancerBySpringCGLIB$$da8b58b0] is not eligible for getting processed by all BeanPostProcessors (for example: not eligible for auto-proxying)
2020-07-24 09:35:33.507 [main] INFO  o.s.c.s.PostProcessorRegistrationDelegate$BeanPostProcessorChecker:330 - Bean 'eventBus' of type [org.apache.shiro.event.support.DefaultEventBus] is not eligible for getting processed by all BeanPostProcessors (for example: not eligible for auto-proxying)
2020-07-24 09:35:33.895 [main] INFO  o.s.boot.web.embedded.tomcat.TomcatWebServer:90 - Tomcat initialized with port(s): 8080 (http)
2020-07-24 09:35:33.913 [main] INFO  org.apache.coyote.http11.Http11NioProtocol:173 - Initializing ProtocolHandler ["http-nio-8080"]
2020-07-24 09:35:33.925 [main] INFO  org.apache.catalina.core.StandardService:173 - Starting service [Tomcat]
2020-07-24 09:35:33.925 [main] INFO  org.apache.catalina.core.StandardEngine:173 - Starting Servlet engine: [Apache Tomcat/9.0.16]
2020-07-24 09:35:33.935 [main] INFO  org.apache.catalina.core.AprLifecycleListener:173 - The APR based Apache Tomcat Native library which allows optimal performance in production environments was not found on the java.library.path: [C:\Program Files\Java\jdk1.8.0_191\bin;C:\Windows\Sun\Java\bin;C:\Windows\system32;C:\Windows;C:\Program Files (x86)\Common Files\Oracle\Java\javapath;c:\oracle\product\10.2.0\client_1\bin;D:\Yarn\bin\;"C:\Program Files\Java\jdk1.8.0_191\bin;C:\Program Files\Java\jdk1.8.0_191\jre\bin";D:\nodejs\;C:\Program Files\TortoiseSVN\bin;C:\Users\jh\AppData\Local\Microsoft\WindowsApps;D:\nodejs\node_global;c:\windows\system32;D:\Microsoft VS Code\bin;C:\Users\jh\AppData\Local\Yarn\bin;;.]
2020-07-24 09:35:34.096 [main] INFO  o.a.c.c.C.[Tomcat].[localhost].[/jeecg-boot]:173 - Initializing Spring embedded WebApplicationContext
2020-07-24 09:35:34.096 [main] INFO  org.springframework.web.context.ContextLoader:296 - Root WebApplicationContext: initialization completed in 4457 ms
2020-07-24 09:35:34.417 [main] INFO  c.b.dynamic.datasource.DynamicDataSourceCreator:113 - 动态数据源-检测到druid存在,如配置中未指定type,druid会默认配置
2020-07-24 09:35:34.427 [main] WARN  com.alibaba.druid.pool.DruidAbstractDataSource:1214 - oracle.jdbc.driver.OracleDriver is deprecated.Having use oracle.jdbc.OracleDriver.
2020-07-24 09:35:35.252 [main] INFO  com.alibaba.druid.pool.DruidDataSource:1003 - {dataSource-1,master} inited
2020-07-24 09:35:35.252 [main] WARN  com.alibaba.druid.pool.DruidAbstractDataSource:1214 - oracle.jdbc.driver.OracleDriver is deprecated.Having use oracle.jdbc.OracleDriver.
2020-07-24 09:35:35.399 [main] INFO  com.alibaba.druid.pool.DruidDataSource:1003 - {dataSource-2,scmplat} inited
2020-07-24 09:35:35.415 [main] INFO  c.b.dynamic.datasource.DynamicRoutingDataSource:203 - 初始共加载 2 个数据源
2020-07-24 09:35:35.415 [main] INFO  c.b.dynamic.datasource.DynamicRoutingDataSource:142 - 动态数据源-加载 scmplat 成功
2020-07-24 09:35:35.415 [main] INFO  c.b.dynamic.datasource.DynamicRoutingDataSource:142 - 动态数据源-加载 master 成功
2020-07-24 09:35:35.415 [main] INFO  c.b.dynamic.datasource.DynamicRoutingDataSource:212 - 当前的默认数据源是单数据源，数据源名为 master
2020-07-24 09:35:38.123 [main] INFO  org.quartz.impl.StdSchedulerFactory:1208 - Using default implementation for ThreadExecutor
2020-07-24 09:35:38.130 [main] INFO  org.quartz.simpl.SimpleThreadPool:268 - Job execution threads will use class loader of thread: main
2020-07-24 09:35:38.141 [main] INFO  org.quartz.core.SchedulerSignalerImpl:61 - Initialized Scheduler Signaller of type: class org.quartz.core.SchedulerSignalerImpl
2020-07-24 09:35:38.141 [main] INFO  org.quartz.core.QuartzScheduler:229 - Quartz Scheduler v.2.3.0 created.
2020-07-24 09:35:38.143 [main] INFO  o.s.scheduling.quartz.LocalDataSourceJobStore:672 - Using db table-based data access locking (synchronization).
2020-07-24 09:35:38.143 [main] INFO  o.s.scheduling.quartz.LocalDataSourceJobStore:145 - JobStoreCMT initialized.
2020-07-24 09:35:38.143 [main] INFO  org.quartz.core.QuartzScheduler:294 - Scheduler meta-data: Quartz Scheduler (v2.3.0) 'MyScheduler' with instanceId 'fjhghgg1595554538129'
  Scheduler class: 'org.quartz.core.QuartzScheduler' - running locally.
  NOT STARTED.
  Currently in standby mode.
  Number of jobs executed: 0
  Using thread pool 'org.quartz.simpl.SimpleThreadPool' - with 10 threads.
  Using job-store 'org.springframework.scheduling.quartz.LocalDataSourceJobStore' - which supports persistence. and is clustered.

2020-07-24 09:35:38.143 [main] INFO  org.quartz.impl.StdSchedulerFactory:1362 - Quartz scheduler 'MyScheduler' initialized from an externally provided properties instance.
2020-07-24 09:35:38.143 [main] INFO  org.quartz.impl.StdSchedulerFactory:1366 - Quartz scheduler version: 2.3.0
2020-07-24 09:35:38.143 [main] INFO  org.quartz.core.QuartzScheduler:2287 - JobFactory set to: org.springframework.scheduling.quartz.SpringBeanJobFactory@747e8659
2020-07-24 09:35:39.791 [main] INFO  o.s.b.actuate.endpoint.web.EndpointLinksResolver:59 - Exposing 2 endpoint(s) beneath base path '/actuator'
2020-07-24 09:35:39.962 [main] INFO  s.d.s.w.PropertySourcedRequestMappingHandlerMapping:69 - Mapped URL path [/v2/api-docs] onto method [public org.springframework.http.ResponseEntity<springfox.documentation.spring.web.json.Json> springfox.documentation.swagger2.web.Swagger2Controller.getDocumentation(java.lang.String,javax.servlet.http.HttpServletRequest)]
2020-07-24 09:35:40.223 [main] INFO  o.s.scheduling.concurrent.ThreadPoolTaskExecutor:171 - Initializing ExecutorService 'applicationTaskExecutor'
2020-07-24 09:35:40.906 [main] INFO  s.d.s.web.plugins.DocumentationPluginsBootstrapper:160 - Context refreshed
2020-07-24 09:35:40.927 [main] INFO  s.d.s.web.plugins.DocumentationPluginsBootstrapper:163 - Found 1 custom documentation plugin(s)
2020-07-24 09:35:40.987 [main] INFO  s.d.spring.web.scanners.ApiListingReferenceScanner:41 - Scanning for api listing references
2020-07-24 09:35:41.176 [main] INFO  s.d.s.w.r.operation.CachingOperationNameGenerator:40 - Generating unique operation named: addUsingPOST_1
2020-07-24 09:35:41.178 [main] INFO  s.d.s.w.r.operation.CachingOperationNameGenerator:40 - Generating unique operation named: deleteUsingDELETE_1
2020-07-24 09:35:41.178 [main] INFO  s.d.s.w.r.operation.CachingOperationNameGenerator:40 - Generating unique operation named: deleteBatchUsingDELETE_1
2020-07-24 09:35:41.178 [main] INFO  s.d.s.w.r.operation.CachingOperationNameGenerator:40 - Generating unique operation named: editUsingPUT_1
2020-07-24 09:35:41.178 [main] INFO  s.d.s.w.r.operation.CachingOperationNameGenerator:40 - Generating unique operation named: queryByIdUsingGET_1
2020-07-24 09:35:41.188 [main] INFO  s.d.s.w.r.operation.CachingOperationNameGenerator:40 - Generating unique operation named: queryPageListUsingGET_1
2020-07-24 09:35:41.198 [main] INFO  s.d.s.w.r.operation.CachingOperationNameGenerator:40 - Generating unique operation named: addUsingPOST_2
2020-07-24 09:35:41.198 [main] INFO  s.d.s.w.r.operation.CachingOperationNameGenerator:40 - Generating unique operation named: deleteUsingDELETE_2
2020-07-24 09:35:41.198 [main] INFO  s.d.s.w.r.operation.CachingOperationNameGenerator:40 - Generating unique operation named: deleteBatchUsingDELETE_2
2020-07-24 09:35:41.198 [main] INFO  s.d.s.w.r.operation.CachingOperationNameGenerator:40 - Generating unique operation named: editUsingPUT_2
2020-07-24 09:35:41.208 [main] INFO  s.d.s.w.r.operation.CachingOperationNameGenerator:40 - Generating unique operation named: queryByIdUsingGET_2
2020-07-24 09:35:41.256 [main] INFO  s.d.s.w.r.operation.CachingOperationNameGenerator:40 - Generating unique operation named: addUsingPOST_3
2020-07-24 09:35:41.258 [main] INFO  s.d.s.w.r.operation.CachingOperationNameGenerator:40 - Generating unique operation named: deleteUsingDELETE_3
2020-07-24 09:35:41.258 [main] INFO  s.d.s.w.r.operation.CachingOperationNameGenerator:40 - Generating unique operation named: deleteBatchUsingDELETE_3
2020-07-24 09:35:41.258 [main] INFO  s.d.s.w.r.operation.CachingOperationNameGenerator:40 - Generating unique operation named: editUsingPUT_3
2020-07-24 09:35:41.258 [main] INFO  s.d.s.w.r.operation.CachingOperationNameGenerator:40 - Generating unique operation named: queryByIdUsingGET_3
2020-07-24 09:35:41.332 [main] INFO  s.d.s.w.r.operation.CachingOperationNameGenerator:40 - Generating unique operation named: queryPageListUsingGET_2
2020-07-24 09:35:41.347 [main] INFO  s.d.s.w.r.operation.CachingOperationNameGenerator:40 - Generating unique operation named: addUsingPOST_4
2020-07-24 09:35:41.347 [main] INFO  s.d.s.w.r.operation.CachingOperationNameGenerator:40 - Generating unique operation named: deleteUsingDELETE_4
2020-07-24 09:35:41.347 [main] INFO  s.d.s.w.r.operation.CachingOperationNameGenerator:40 - Generating unique operation named: deleteBatchUsingDELETE_4
2020-07-24 09:35:41.347 [main] INFO  s.d.s.w.r.operation.CachingOperationNameGenerator:40 - Generating unique operation named: editUsingPUT_4
2020-07-24 09:35:41.363 [main] INFO  s.d.s.w.r.operation.CachingOperationNameGenerator:40 - Generating unique operation named: queryByIdUsingGET_4
2020-07-24 09:35:41.363 [main] INFO  s.d.s.w.r.operation.CachingOperationNameGenerator:40 - Generating unique operation named: queryPageListUsingGET_3
2020-07-24 09:35:41.363 [main] INFO  s.d.s.w.r.operation.CachingOperationNameGenerator:40 - Generating unique operation named: addUsingPOST_5
2020-07-24 09:35:41.363 [main] INFO  s.d.s.w.r.operation.CachingOperationNameGenerator:40 - Generating unique operation named: deleteUsingDELETE_5
2020-07-24 09:35:41.379 [main] INFO  s.d.s.w.r.operation.CachingOperationNameGenerator:40 - Generating unique operation named: deleteBatchUsingDELETE_5
2020-07-24 09:35:41.379 [main] INFO  s.d.s.w.r.operation.CachingOperationNameGenerator:40 - Generating unique operation named: editUsingPUT_5
2020-07-24 09:35:41.379 [main] INFO  s.d.s.w.r.operation.CachingOperationNameGenerator:40 - Generating unique operation named: queryByIdUsingGET_5
2020-07-24 09:35:41.379 [main] INFO  s.d.s.w.r.operation.CachingOperationNameGenerator:40 - Generating unique operation named: queryPageListUsingGET_4
2020-07-24 09:35:41.379 [main] INFO  s.d.s.w.r.operation.CachingOperationNameGenerator:40 - Generating unique operation named: addUsingPOST_6
2020-07-24 09:35:41.379 [main] INFO  s.d.s.w.r.operation.CachingOperationNameGenerator:40 - Generating unique operation named: deleteUsingDELETE_6
2020-07-24 09:35:41.394 [main] INFO  s.d.s.w.r.operation.CachingOperationNameGenerator:40 - Generating unique operation named: deleteBatchUsingDELETE_6
2020-07-24 09:35:41.394 [main] INFO  s.d.s.w.r.operation.CachingOperationNameGenerator:40 - Generating unique operation named: editUsingPUT_6
2020-07-24 09:35:41.394 [main] INFO  s.d.s.w.r.operation.CachingOperationNameGenerator:40 - Generating unique operation named: queryByIdUsingGET_6
2020-07-24 09:35:41.394 [main] INFO  s.d.s.w.r.operation.CachingOperationNameGenerator:40 - Generating unique operation named: queryPageListUsingGET_5
2020-07-24 09:35:41.410 [main] INFO  s.d.s.w.r.operation.CachingOperationNameGenerator:40 - Generating unique operation named: addUsingPOST_7
2020-07-24 09:35:41.410 [main] INFO  s.d.s.w.r.operation.CachingOperationNameGenerator:40 - Generating unique operation named: deleteUsingDELETE_7
2020-07-24 09:35:41.410 [main] INFO  s.d.s.w.r.operation.CachingOperationNameGenerator:40 - Generating unique operation named: deleteBatchUsingDELETE_7
2020-07-24 09:35:41.410 [main] INFO  s.d.s.w.r.operation.CachingOperationNameGenerator:40 - Generating unique operation named: editUsingPUT_7
2020-07-24 09:35:41.416 [main] INFO  s.d.s.w.r.operation.CachingOperationNameGenerator:40 - Generating unique operation named: queryByIdUsingGET_7
2020-07-24 09:35:41.416 [main] INFO  s.d.s.w.r.operation.CachingOperationNameGenerator:40 - Generating unique operation named: queryPageListUsingGET_6
2020-07-24 09:35:41.416 [main] INFO  s.d.s.w.r.operation.CachingOperationNameGenerator:40 - Generating unique operation named: addUsingPOST_8
2020-07-24 09:35:41.416 [main] INFO  s.d.s.w.r.operation.CachingOperationNameGenerator:40 - Generating unique operation named: deleteUsingDELETE_8
2020-07-24 09:35:41.416 [main] INFO  s.d.s.w.r.operation.CachingOperationNameGenerator:40 - Generating unique operation named: deleteBatchUsingDELETE_8
2020-07-24 09:35:41.416 [main] INFO  s.d.s.w.r.operation.CachingOperationNameGenerator:40 - Generating unique operation named: editUsingPUT_8
2020-07-24 09:35:41.432 [main] INFO  s.d.s.w.r.operation.CachingOperationNameGenerator:40 - Generating unique operation named: queryByIdUsingGET_8
2020-07-24 09:35:41.432 [main] INFO  s.d.s.w.r.operation.CachingOperationNameGenerator:40 - Generating unique operation named: queryPageListUsingGET_7
2020-07-24 09:35:41.448 [main] INFO  o.s.scheduling.quartz.SchedulerFactoryBean:726 - Starting Quartz Scheduler now
2020-07-24 09:35:41.636 [main] INFO  org.quartz.core.QuartzScheduler:547 - Scheduler MyScheduler_$_fjhghgg1595554538129 started.
2020-07-24 09:35:41.647 [main] INFO  org.apache.coyote.http11.Http11NioProtocol:173 - Starting ProtocolHandler ["http-nio-8080"]
2020-07-24 09:35:41.672 [main] INFO  o.s.boot.web.embedded.tomcat.TomcatWebServer:204 - Tomcat started on port(s): 8080 (http) with context path '/jeecg-boot'
2020-07-24 09:35:41.674 [main] INFO  org.jeecg.JeecgApplication:59 - Started JeecgApplication in 12.766 seconds (JVM running for 13.24)
2020-07-24 09:35:41.686 [main] INFO  org.jeecg.JeecgApplication:29 - 
----------------------------------------------------------
	Application Jeecg-Boot is running! Access URLs:
	Local: 		http://localhost:8080/jeecg-boot/
	External: 	http://192.168.120.138:8080/jeecg-boot/
	Swagger-UI: 		http://192.168.120.138:8080/jeecg-boot/doc.html
----------------------------------------------------------
2020-07-24 09:35:51.599 [QuartzScheduler_MyScheduler-fjhghgg1595554538129_ClusterManager] WARN  o.s.scheduling.quartz.LocalDataSourceJobStore:3396 - This scheduler instance (fjhghgg1595554538129) is still active but was recovered by another instance in the cluster.  This may cause inconsistent behavior.
2020-07-24 09:36:01.602 [QuartzScheduler_MyScheduler-fjhghgg1595554538129_ClusterManager] WARN  o.s.scheduling.quartz.LocalDataSourceJobStore:3396 - This scheduler instance (fjhghgg1595554538129) is still active but was recovered by another instance in the cluster.  This may cause inconsistent behavior.
2020-07-24 09:36:11.605 [QuartzScheduler_MyScheduler-fjhghgg1595554538129_ClusterManager] WARN  o.s.scheduling.quartz.LocalDataSourceJobStore:3396 - This scheduler instance (fjhghgg1595554538129) is still active but was recovered by another instance in the cluster.  This may cause inconsistent behavior.
2020-07-24 09:36:21.608 [QuartzScheduler_MyScheduler-fjhghgg1595554538129_ClusterManager] WARN  o.s.scheduling.quartz.LocalDataSourceJobStore:3396 - This scheduler instance (fjhghgg1595554538129) is still active but was recovered by another instance in the cluster.  This may cause inconsistent behavior.
2020-07-24 09:36:31.611 [QuartzScheduler_MyScheduler-fjhghgg1595554538129_ClusterManager] WARN  o.s.scheduling.quartz.LocalDataSourceJobStore:3396 - This scheduler instance (fjhghgg1595554538129) is still active but was recovered by another instance in the cluster.  This may cause inconsistent behavior.
2020-07-24 09:36:41.613 [QuartzScheduler_MyScheduler-fjhghgg1595554538129_ClusterManager] WARN  o.s.scheduling.quartz.LocalDataSourceJobStore:3396 - This scheduler instance (fjhghgg1595554538129) is still active but was recovered by another instance in the cluster.  This may cause inconsistent behavior.
2020-07-24 09:36:51.626 [QuartzScheduler_MyScheduler-fjhghgg1595554538129_ClusterManager] WARN  o.s.scheduling.quartz.LocalDataSourceJobStore:3396 - This scheduler instance (fjhghgg1595554538129) is still active but was recovered by another instance in the cluster.  This may cause inconsistent behavior.
2020-07-24 09:37:01.640 [QuartzScheduler_MyScheduler-fjhghgg1595554538129_ClusterManager] WARN  o.s.scheduling.quartz.LocalDataSourceJobStore:3396 - This scheduler instance (fjhghgg1595554538129) is still active but was recovered by another instance in the cluster.  This may cause inconsistent behavior.
2020-07-24 09:37:11.652 [QuartzScheduler_MyScheduler-fjhghgg1595554538129_ClusterManager] WARN  o.s.scheduling.quartz.LocalDataSourceJobStore:3396 - This scheduler instance (fjhghgg1595554538129) is still active but was recovered by another instance in the cluster.  This may cause inconsistent behavior.
2020-07-24 09:37:21.666 [QuartzScheduler_MyScheduler-fjhghgg1595554538129_ClusterManager] WARN  o.s.scheduling.quartz.LocalDataSourceJobStore:3396 - This scheduler instance (fjhghgg1595554538129) is still active but was recovered by another instance in the cluster.  This may cause inconsistent behavior.
2020-07-24 09:37:31.671 [QuartzScheduler_MyScheduler-fjhghgg1595554538129_ClusterManager] WARN  o.s.scheduling.quartz.LocalDataSourceJobStore:3396 - This scheduler instance (fjhghgg1595554538129) is still active but was recovered by another instance in the cluster.  This may cause inconsistent behavior.
2020-07-24 09:37:41.674 [QuartzScheduler_MyScheduler-fjhghgg1595554538129_ClusterManager] WARN  o.s.scheduling.quartz.LocalDataSourceJobStore:3396 - This scheduler instance (fjhghgg1595554538129) is still active but was recovered by another instance in the cluster.  This may cause inconsistent behavior.
2020-07-24 09:37:51.677 [QuartzScheduler_MyScheduler-fjhghgg1595554538129_ClusterManager] WARN  o.s.scheduling.quartz.LocalDataSourceJobStore:3396 - This scheduler instance (fjhghgg1595554538129) is still active but was recovered by another instance in the cluster.  This may cause inconsistent behavior.
2020-07-24 09:38:01.682 [QuartzScheduler_MyScheduler-fjhghgg1595554538129_ClusterManager] WARN  o.s.scheduling.quartz.LocalDataSourceJobStore:3396 - This scheduler instance (fjhghgg1595554538129) is still active but was recovered by another instance in the cluster.  This may cause inconsistent behavior.
2020-07-24 09:38:11.683 [QuartzScheduler_MyScheduler-fjhghgg1595554538129_ClusterManager] WARN  o.s.scheduling.quartz.LocalDataSourceJobStore:3396 - This scheduler instance (fjhghgg1595554538129) is still active but was recovered by another instance in the cluster.  This may cause inconsistent behavior.
2020-07-24 09:38:21.685 [QuartzScheduler_MyScheduler-fjhghgg1595554538129_ClusterManager] WARN  o.s.scheduling.quartz.LocalDataSourceJobStore:3396 - This scheduler instance (fjhghgg1595554538129) is still active but was recovered by another instance in the cluster.  This may cause inconsistent behavior.
2020-07-24 09:38:31.687 [QuartzScheduler_MyScheduler-fjhghgg1595554538129_ClusterManager] WARN  o.s.scheduling.quartz.LocalDataSourceJobStore:3396 - This scheduler instance (fjhghgg1595554538129) is still active but was recovered by another instance in the cluster.  This may cause inconsistent behavior.
2020-07-24 09:38:41.689 [QuartzScheduler_MyScheduler-fjhghgg1595554538129_ClusterManager] WARN  o.s.scheduling.quartz.LocalDataSourceJobStore:3396 - This scheduler instance (fjhghgg1595554538129) is still active but was recovered by another instance in the cluster.  This may cause inconsistent behavior.
2020-07-24 09:38:51.693 [QuartzScheduler_MyScheduler-fjhghgg1595554538129_ClusterManager] WARN  o.s.scheduling.quartz.LocalDataSourceJobStore:3396 - This scheduler instance (fjhghgg1595554538129) is still active but was recovered by another instance in the cluster.  This may cause inconsistent behavior.
2020-07-24 09:39:01.696 [QuartzScheduler_MyScheduler-fjhghgg1595554538129_ClusterManager] WARN  o.s.scheduling.quartz.LocalDataSourceJobStore:3396 - This scheduler instance (fjhghgg1595554538129) is still active but was recovered by another instance in the cluster.  This may cause inconsistent behavior.
2020-07-24 09:39:11.697 [QuartzScheduler_MyScheduler-fjhghgg1595554538129_ClusterManager] WARN  o.s.scheduling.quartz.LocalDataSourceJobStore:3396 - This scheduler instance (fjhghgg1595554538129) is still active but was recovered by another instance in the cluster.  This may cause inconsistent behavior.
2020-07-24 09:39:21.699 [QuartzScheduler_MyScheduler-fjhghgg1595554538129_ClusterManager] WARN  o.s.scheduling.quartz.LocalDataSourceJobStore:3396 - This scheduler instance (fjhghgg1595554538129) is still active but was recovered by another instance in the cluster.  This may cause inconsistent behavior.
2020-07-24 09:39:31.701 [QuartzScheduler_MyScheduler-fjhghgg1595554538129_ClusterManager] WARN  o.s.scheduling.quartz.LocalDataSourceJobStore:3396 - This scheduler instance (fjhghgg1595554538129) is still active but was recovered by another instance in the cluster.  This may cause inconsistent behavior.
2020-07-24 09:39:41.703 [QuartzScheduler_MyScheduler-fjhghgg1595554538129_ClusterManager] WARN  o.s.scheduling.quartz.LocalDataSourceJobStore:3396 - This scheduler instance (fjhghgg1595554538129) is still active but was recovered by another instance in the cluster.  This may cause inconsistent behavior.
2020-07-24 09:39:51.705 [QuartzScheduler_MyScheduler-fjhghgg1595554538129_ClusterManager] WARN  o.s.scheduling.quartz.LocalDataSourceJobStore:3396 - This scheduler instance (fjhghgg1595554538129) is still active but was recovered by another instance in the cluster.  This may cause inconsistent behavior.
2020-07-24 09:40:01.707 [QuartzScheduler_MyScheduler-fjhghgg1595554538129_ClusterManager] WARN  o.s.scheduling.quartz.LocalDataSourceJobStore:3396 - This scheduler instance (fjhghgg1595554538129) is still active but was recovered by another instance in the cluster.  This may cause inconsistent behavior.
2020-07-24 09:40:11.709 [QuartzScheduler_MyScheduler-fjhghgg1595554538129_ClusterManager] WARN  o.s.scheduling.quartz.LocalDataSourceJobStore:3396 - This scheduler instance (fjhghgg1595554538129) is still active but was recovered by another instance in the cluster.  This may cause inconsistent behavior.
2020-07-24 09:40:21.711 [QuartzScheduler_MyScheduler-fjhghgg1595554538129_ClusterManager] WARN  o.s.scheduling.quartz.LocalDataSourceJobStore:3396 - This scheduler instance (fjhghgg1595554538129) is still active but was recovered by another instance in the cluster.  This may cause inconsistent behavior.
2020-07-24 09:40:31.714 [QuartzScheduler_MyScheduler-fjhghgg1595554538129_ClusterManager] WARN  o.s.scheduling.quartz.LocalDataSourceJobStore:3396 - This scheduler instance (fjhghgg1595554538129) is still active but was recovered by another instance in the cluster.  This may cause inconsistent behavior.
2020-07-24 09:40:41.715 [QuartzScheduler_MyScheduler-fjhghgg1595554538129_ClusterManager] WARN  o.s.scheduling.quartz.LocalDataSourceJobStore:3396 - This scheduler instance (fjhghgg1595554538129) is still active but was recovered by another instance in the cluster.  This may cause inconsistent behavior.
2020-07-24 09:40:51.717 [QuartzScheduler_MyScheduler-fjhghgg1595554538129_ClusterManager] WARN  o.s.scheduling.quartz.LocalDataSourceJobStore:3396 - This scheduler instance (fjhghgg1595554538129) is still active but was recovered by another instance in the cluster.  This may cause inconsistent behavior.
2020-07-24 09:41:01.720 [QuartzScheduler_MyScheduler-fjhghgg1595554538129_ClusterManager] WARN  o.s.scheduling.quartz.LocalDataSourceJobStore:3396 - This scheduler instance (fjhghgg1595554538129) is still active but was recovered by another instance in the cluster.  This may cause inconsistent behavior.
2020-07-24 09:41:11.721 [QuartzScheduler_MyScheduler-fjhghgg1595554538129_ClusterManager] WARN  o.s.scheduling.quartz.LocalDataSourceJobStore:3396 - This scheduler instance (fjhghgg1595554538129) is still active but was recovered by another instance in the cluster.  This may cause inconsistent behavior.
2020-07-24 09:41:21.723 [QuartzScheduler_MyScheduler-fjhghgg1595554538129_ClusterManager] WARN  o.s.scheduling.quartz.LocalDataSourceJobStore:3396 - This scheduler instance (fjhghgg1595554538129) is still active but was recovered by another instance in the cluster.  This may cause inconsistent behavior.
2020-07-24 09:41:31.726 [QuartzScheduler_MyScheduler-fjhghgg1595554538129_ClusterManager] WARN  o.s.scheduling.quartz.LocalDataSourceJobStore:3396 - This scheduler instance (fjhghgg1595554538129) is still active but was recovered by another instance in the cluster.  This may cause inconsistent behavior.
2020-07-24 09:41:41.729 [QuartzScheduler_MyScheduler-fjhghgg1595554538129_ClusterManager] WARN  o.s.scheduling.quartz.LocalDataSourceJobStore:3396 - This scheduler instance (fjhghgg1595554538129) is still active but was recovered by another instance in the cluster.  This may cause inconsistent behavior.
2020-07-24 09:41:51.732 [QuartzScheduler_MyScheduler-fjhghgg1595554538129_ClusterManager] WARN  o.s.scheduling.quartz.LocalDataSourceJobStore:3396 - This scheduler instance (fjhghgg1595554538129) is still active but was recovered by another instance in the cluster.  This may cause inconsistent behavior.
2020-07-24 09:42:01.736 [QuartzScheduler_MyScheduler-fjhghgg1595554538129_ClusterManager] WARN  o.s.scheduling.quartz.LocalDataSourceJobStore:3396 - This scheduler instance (fjhghgg1595554538129) is still active but was recovered by another instance in the cluster.  This may cause inconsistent behavior.
2020-07-24 09:42:11.738 [QuartzScheduler_MyScheduler-fjhghgg1595554538129_ClusterManager] WARN  o.s.scheduling.quartz.LocalDataSourceJobStore:3396 - This scheduler instance (fjhghgg1595554538129) is still active but was recovered by another instance in the cluster.  This may cause inconsistent behavior.
2020-07-24 09:42:21.741 [QuartzScheduler_MyScheduler-fjhghgg1595554538129_ClusterManager] WARN  o.s.scheduling.quartz.LocalDataSourceJobStore:3396 - This scheduler instance (fjhghgg1595554538129) is still active but was recovered by another instance in the cluster.  This may cause inconsistent behavior.
2020-07-24 09:42:31.743 [QuartzScheduler_MyScheduler-fjhghgg1595554538129_ClusterManager] WARN  o.s.scheduling.quartz.LocalDataSourceJobStore:3396 - This scheduler instance (fjhghgg1595554538129) is still active but was recovered by another instance in the cluster.  This may cause inconsistent behavior.
2020-07-24 09:42:41.745 [QuartzScheduler_MyScheduler-fjhghgg1595554538129_ClusterManager] WARN  o.s.scheduling.quartz.LocalDataSourceJobStore:3396 - This scheduler instance (fjhghgg1595554538129) is still active but was recovered by another instance in the cluster.  This may cause inconsistent behavior.
2020-07-24 09:42:51.748 [QuartzScheduler_MyScheduler-fjhghgg1595554538129_ClusterManager] WARN  o.s.scheduling.quartz.LocalDataSourceJobStore:3396 - This scheduler instance (fjhghgg1595554538129) is still active but was recovered by another instance in the cluster.  This may cause inconsistent behavior.
2020-07-24 09:43:01.750 [QuartzScheduler_MyScheduler-fjhghgg1595554538129_ClusterManager] WARN  o.s.scheduling.quartz.LocalDataSourceJobStore:3396 - This scheduler instance (fjhghgg1595554538129) is still active but was recovered by another instance in the cluster.  This may cause inconsistent behavior.
2020-07-24 09:43:11.752 [QuartzScheduler_MyScheduler-fjhghgg1595554538129_ClusterManager] WARN  o.s.scheduling.quartz.LocalDataSourceJobStore:3396 - This scheduler instance (fjhghgg1595554538129) is still active but was recovered by another instance in the cluster.  This may cause inconsistent behavior.
2020-07-24 09:43:21.754 [QuartzScheduler_MyScheduler-fjhghgg1595554538129_ClusterManager] WARN  o.s.scheduling.quartz.LocalDataSourceJobStore:3396 - This scheduler instance (fjhghgg1595554538129) is still active but was recovered by another instance in the cluster.  This may cause inconsistent behavior.
2020-07-24 09:43:31.757 [QuartzScheduler_MyScheduler-fjhghgg1595554538129_ClusterManager] WARN  o.s.scheduling.quartz.LocalDataSourceJobStore:3396 - This scheduler instance (fjhghgg1595554538129) is still active but was recovered by another instance in the cluster.  This may cause inconsistent behavior.
2020-07-24 09:43:41.773 [QuartzScheduler_MyScheduler-fjhghgg1595554538129_ClusterManager] WARN  o.s.scheduling.quartz.LocalDataSourceJobStore:3396 - This scheduler instance (fjhghgg1595554538129) is still active but was recovered by another instance in the cluster.  This may cause inconsistent behavior.
2020-07-24 09:43:51.774 [QuartzScheduler_MyScheduler-fjhghgg1595554538129_ClusterManager] WARN  o.s.scheduling.quartz.LocalDataSourceJobStore:3396 - This scheduler instance (fjhghgg1595554538129) is still active but was recovered by another instance in the cluster.  This may cause inconsistent behavior.
2020-07-24 09:44:01.783 [QuartzScheduler_MyScheduler-fjhghgg1595554538129_ClusterManager] WARN  o.s.scheduling.quartz.LocalDataSourceJobStore:3396 - This scheduler instance (fjhghgg1595554538129) is still active but was recovered by another instance in the cluster.  This may cause inconsistent behavior.
2020-07-24 09:44:11.787 [QuartzScheduler_MyScheduler-fjhghgg1595554538129_ClusterManager] WARN  o.s.scheduling.quartz.LocalDataSourceJobStore:3396 - This scheduler instance (fjhghgg1595554538129) is still active but was recovered by another instance in the cluster.  This may cause inconsistent behavior.
2020-07-24 09:44:21.799 [QuartzScheduler_MyScheduler-fjhghgg1595554538129_ClusterManager] WARN  o.s.scheduling.quartz.LocalDataSourceJobStore:3396 - This scheduler instance (fjhghgg1595554538129) is still active but was recovered by another instance in the cluster.  This may cause inconsistent behavior.
2020-07-24 09:44:31.818 [QuartzScheduler_MyScheduler-fjhghgg1595554538129_ClusterManager] WARN  o.s.scheduling.quartz.LocalDataSourceJobStore:3396 - This scheduler instance (fjhghgg1595554538129) is still active but was recovered by another instance in the cluster.  This may cause inconsistent behavior.
2020-07-24 09:44:41.834 [QuartzScheduler_MyScheduler-fjhghgg1595554538129_ClusterManager] WARN  o.s.scheduling.quartz.LocalDataSourceJobStore:3396 - This scheduler instance (fjhghgg1595554538129) is still active but was recovered by another instance in the cluster.  This may cause inconsistent behavior.
2020-07-24 09:44:51.836 [QuartzScheduler_MyScheduler-fjhghgg1595554538129_ClusterManager] WARN  o.s.scheduling.quartz.LocalDataSourceJobStore:3396 - This scheduler instance (fjhghgg1595554538129) is still active but was recovered by another instance in the cluster.  This may cause inconsistent behavior.
2020-07-24 09:45:01.840 [QuartzScheduler_MyScheduler-fjhghgg1595554538129_ClusterManager] WARN  o.s.scheduling.quartz.LocalDataSourceJobStore:3396 - This scheduler instance (fjhghgg1595554538129) is still active but was recovered by another instance in the cluster.  This may cause inconsistent behavior.
2020-07-24 09:45:11.841 [QuartzScheduler_MyScheduler-fjhghgg1595554538129_ClusterManager] WARN  o.s.scheduling.quartz.LocalDataSourceJobStore:3396 - This scheduler instance (fjhghgg1595554538129) is still active but was recovered by another instance in the cluster.  This may cause inconsistent behavior.
2020-07-24 09:45:21.843 [QuartzScheduler_MyScheduler-fjhghgg1595554538129_ClusterManager] WARN  o.s.scheduling.quartz.LocalDataSourceJobStore:3396 - This scheduler instance (fjhghgg1595554538129) is still active but was recovered by another instance in the cluster.  This may cause inconsistent behavior.
2020-07-24 09:45:31.845 [QuartzScheduler_MyScheduler-fjhghgg1595554538129_ClusterManager] WARN  o.s.scheduling.quartz.LocalDataSourceJobStore:3396 - This scheduler instance (fjhghgg1595554538129) is still active but was recovered by another instance in the cluster.  This may cause inconsistent behavior.
2020-07-24 09:45:41.847 [QuartzScheduler_MyScheduler-fjhghgg1595554538129_ClusterManager] WARN  o.s.scheduling.quartz.LocalDataSourceJobStore:3396 - This scheduler instance (fjhghgg1595554538129) is still active but was recovered by another instance in the cluster.  This may cause inconsistent behavior.
2020-07-24 09:45:51.849 [QuartzScheduler_MyScheduler-fjhghgg1595554538129_ClusterManager] WARN  o.s.scheduling.quartz.LocalDataSourceJobStore:3396 - This scheduler instance (fjhghgg1595554538129) is still active but was recovered by another instance in the cluster.  This may cause inconsistent behavior.
2020-07-24 09:46:01.851 [QuartzScheduler_MyScheduler-fjhghgg1595554538129_ClusterManager] WARN  o.s.scheduling.quartz.LocalDataSourceJobStore:3396 - This scheduler instance (fjhghgg1595554538129) is still active but was recovered by another instance in the cluster.  This may cause inconsistent behavior.
2020-07-24 09:46:11.853 [QuartzScheduler_MyScheduler-fjhghgg1595554538129_ClusterManager] WARN  o.s.scheduling.quartz.LocalDataSourceJobStore:3396 - This scheduler instance (fjhghgg1595554538129) is still active but was recovered by another instance in the cluster.  This may cause inconsistent behavior.
2020-07-24 09:46:21.856 [QuartzScheduler_MyScheduler-fjhghgg1595554538129_ClusterManager] WARN  o.s.scheduling.quartz.LocalDataSourceJobStore:3396 - This scheduler instance (fjhghgg1595554538129) is still active but was recovered by another instance in the cluster.  This may cause inconsistent behavior.
2020-07-24 09:46:31.858 [QuartzScheduler_MyScheduler-fjhghgg1595554538129_ClusterManager] WARN  o.s.scheduling.quartz.LocalDataSourceJobStore:3396 - This scheduler instance (fjhghgg1595554538129) is still active but was recovered by another instance in the cluster.  This may cause inconsistent behavior.
2020-07-24 09:46:41.860 [QuartzScheduler_MyScheduler-fjhghgg1595554538129_ClusterManager] WARN  o.s.scheduling.quartz.LocalDataSourceJobStore:3396 - This scheduler instance (fjhghgg1595554538129) is still active but was recovered by another instance in the cluster.  This may cause inconsistent behavior.
2020-07-24 09:46:51.863 [QuartzScheduler_MyScheduler-fjhghgg1595554538129_ClusterManager] WARN  o.s.scheduling.quartz.LocalDataSourceJobStore:3396 - This scheduler instance (fjhghgg1595554538129) is still active but was recovered by another instance in the cluster.  This may cause inconsistent behavior.
2020-07-24 09:47:01.865 [QuartzScheduler_MyScheduler-fjhghgg1595554538129_ClusterManager] WARN  o.s.scheduling.quartz.LocalDataSourceJobStore:3396 - This scheduler instance (fjhghgg1595554538129) is still active but was recovered by another instance in the cluster.  This may cause inconsistent behavior.
2020-07-24 09:47:11.867 [QuartzScheduler_MyScheduler-fjhghgg1595554538129_ClusterManager] WARN  o.s.scheduling.quartz.LocalDataSourceJobStore:3396 - This scheduler instance (fjhghgg1595554538129) is still active but was recovered by another instance in the cluster.  This may cause inconsistent behavior.
2020-07-24 09:47:21.869 [QuartzScheduler_MyScheduler-fjhghgg1595554538129_ClusterManager] WARN  o.s.scheduling.quartz.LocalDataSourceJobStore:3396 - This scheduler instance (fjhghgg1595554538129) is still active but was recovered by another instance in the cluster.  This may cause inconsistent behavior.
2020-07-24 09:47:31.872 [QuartzScheduler_MyScheduler-fjhghgg1595554538129_ClusterManager] WARN  o.s.scheduling.quartz.LocalDataSourceJobStore:3396 - This scheduler instance (fjhghgg1595554538129) is still active but was recovered by another instance in the cluster.  This may cause inconsistent behavior.
2020-07-24 09:47:41.875 [QuartzScheduler_MyScheduler-fjhghgg1595554538129_ClusterManager] WARN  o.s.scheduling.quartz.LocalDataSourceJobStore:3396 - This scheduler instance (fjhghgg1595554538129) is still active but was recovered by another instance in the cluster.  This may cause inconsistent behavior.
2020-07-24 09:47:51.877 [QuartzScheduler_MyScheduler-fjhghgg1595554538129_ClusterManager] WARN  o.s.scheduling.quartz.LocalDataSourceJobStore:3396 - This scheduler instance (fjhghgg1595554538129) is still active but was recovered by another instance in the cluster.  This may cause inconsistent behavior.
2020-07-24 09:48:01.879 [QuartzScheduler_MyScheduler-fjhghgg1595554538129_ClusterManager] WARN  o.s.scheduling.quartz.LocalDataSourceJobStore:3396 - This scheduler instance (fjhghgg1595554538129) is still active but was recovered by another instance in the cluster.  This may cause inconsistent behavior.
2020-07-24 09:48:11.881 [QuartzScheduler_MyScheduler-fjhghgg1595554538129_ClusterManager] WARN  o.s.scheduling.quartz.LocalDataSourceJobStore:3396 - This scheduler instance (fjhghgg1595554538129) is still active but was recovered by another instance in the cluster.  This may cause inconsistent behavior.
2020-07-24 09:48:21.884 [QuartzScheduler_MyScheduler-fjhghgg1595554538129_ClusterManager] WARN  o.s.scheduling.quartz.LocalDataSourceJobStore:3396 - This scheduler instance (fjhghgg1595554538129) is still active but was recovered by another instance in the cluster.  This may cause inconsistent behavior.
2020-07-24 09:48:31.885 [QuartzScheduler_MyScheduler-fjhghgg1595554538129_ClusterManager] WARN  o.s.scheduling.quartz.LocalDataSourceJobStore:3396 - This scheduler instance (fjhghgg1595554538129) is still active but was recovered by another instance in the cluster.  This may cause inconsistent behavior.
2020-07-24 09:48:41.885 [QuartzScheduler_MyScheduler-fjhghgg1595554538129_ClusterManager] WARN  o.s.scheduling.quartz.LocalDataSourceJobStore:3396 - This scheduler instance (fjhghgg1595554538129) is still active but was recovered by another instance in the cluster.  This may cause inconsistent behavior.
2020-07-24 09:48:51.888 [QuartzScheduler_MyScheduler-fjhghgg1595554538129_ClusterManager] WARN  o.s.scheduling.quartz.LocalDataSourceJobStore:3396 - This scheduler instance (fjhghgg1595554538129) is still active but was recovered by another instance in the cluster.  This may cause inconsistent behavior.
2020-07-24 09:49:01.889 [QuartzScheduler_MyScheduler-fjhghgg1595554538129_ClusterManager] WARN  o.s.scheduling.quartz.LocalDataSourceJobStore:3396 - This scheduler instance (fjhghgg1595554538129) is still active but was recovered by another instance in the cluster.  This may cause inconsistent behavior.
2020-07-24 09:49:11.891 [QuartzScheduler_MyScheduler-fjhghgg1595554538129_ClusterManager] WARN  o.s.scheduling.quartz.LocalDataSourceJobStore:3396 - This scheduler instance (fjhghgg1595554538129) is still active but was recovered by another instance in the cluster.  This may cause inconsistent behavior.
2020-07-24 09:49:21.893 [QuartzScheduler_MyScheduler-fjhghgg1595554538129_ClusterManager] WARN  o.s.scheduling.quartz.LocalDataSourceJobStore:3396 - This scheduler instance (fjhghgg1595554538129) is still active but was recovered by another instance in the cluster.  This may cause inconsistent behavior.
2020-07-24 09:49:31.896 [QuartzScheduler_MyScheduler-fjhghgg1595554538129_ClusterManager] WARN  o.s.scheduling.quartz.LocalDataSourceJobStore:3396 - This scheduler instance (fjhghgg1595554538129) is still active but was recovered by another instance in the cluster.  This may cause inconsistent behavior.
2020-07-24 09:49:41.898 [QuartzScheduler_MyScheduler-fjhghgg1595554538129_ClusterManager] WARN  o.s.scheduling.quartz.LocalDataSourceJobStore:3396 - This scheduler instance (fjhghgg1595554538129) is still active but was recovered by another instance in the cluster.  This may cause inconsistent behavior.
2020-07-24 09:49:51.901 [QuartzScheduler_MyScheduler-fjhghgg1595554538129_ClusterManager] WARN  o.s.scheduling.quartz.LocalDataSourceJobStore:3396 - This scheduler instance (fjhghgg1595554538129) is still active but was recovered by another instance in the cluster.  This may cause inconsistent behavior.
2020-07-24 09:50:01.903 [QuartzScheduler_MyScheduler-fjhghgg1595554538129_ClusterManager] WARN  o.s.scheduling.quartz.LocalDataSourceJobStore:3396 - This scheduler instance (fjhghgg1595554538129) is still active but was recovered by another instance in the cluster.  This may cause inconsistent behavior.
2020-07-24 09:50:11.905 [QuartzScheduler_MyScheduler-fjhghgg1595554538129_ClusterManager] WARN  o.s.scheduling.quartz.LocalDataSourceJobStore:3396 - This scheduler instance (fjhghgg1595554538129) is still active but was recovered by another instance in the cluster.  This may cause inconsistent behavior.
2020-07-24 09:50:21.908 [QuartzScheduler_MyScheduler-fjhghgg1595554538129_ClusterManager] WARN  o.s.scheduling.quartz.LocalDataSourceJobStore:3396 - This scheduler instance (fjhghgg1595554538129) is still active but was recovered by another instance in the cluster.  This may cause inconsistent behavior.
2020-07-24 09:50:31.911 [QuartzScheduler_MyScheduler-fjhghgg1595554538129_ClusterManager] WARN  o.s.scheduling.quartz.LocalDataSourceJobStore:3396 - This scheduler instance (fjhghgg1595554538129) is still active but was recovered by another instance in the cluster.  This may cause inconsistent behavior.
2020-07-24 09:50:41.914 [QuartzScheduler_MyScheduler-fjhghgg1595554538129_ClusterManager] WARN  o.s.scheduling.quartz.LocalDataSourceJobStore:3396 - This scheduler instance (fjhghgg1595554538129) is still active but was recovered by another instance in the cluster.  This may cause inconsistent behavior.
2020-07-24 09:50:51.916 [QuartzScheduler_MyScheduler-fjhghgg1595554538129_ClusterManager] WARN  o.s.scheduling.quartz.LocalDataSourceJobStore:3396 - This scheduler instance (fjhghgg1595554538129) is still active but was recovered by another instance in the cluster.  This may cause inconsistent behavior.
2020-07-24 09:51:01.919 [QuartzScheduler_MyScheduler-fjhghgg1595554538129_ClusterManager] WARN  o.s.scheduling.quartz.LocalDataSourceJobStore:3396 - This scheduler instance (fjhghgg1595554538129) is still active but was recovered by another instance in the cluster.  This may cause inconsistent behavior.
2020-07-24 09:51:11.920 [QuartzScheduler_MyScheduler-fjhghgg1595554538129_ClusterManager] WARN  o.s.scheduling.quartz.LocalDataSourceJobStore:3396 - This scheduler instance (fjhghgg1595554538129) is still active but was recovered by another instance in the cluster.  This may cause inconsistent behavior.
2020-07-24 09:51:21.922 [QuartzScheduler_MyScheduler-fjhghgg1595554538129_ClusterManager] WARN  o.s.scheduling.quartz.LocalDataSourceJobStore:3396 - This scheduler instance (fjhghgg1595554538129) is still active but was recovered by another instance in the cluster.  This may cause inconsistent behavior.
2020-07-24 09:51:31.923 [QuartzScheduler_MyScheduler-fjhghgg1595554538129_ClusterManager] WARN  o.s.scheduling.quartz.LocalDataSourceJobStore:3396 - This scheduler instance (fjhghgg1595554538129) is still active but was recovered by another instance in the cluster.  This may cause inconsistent behavior.
2020-07-24 09:51:41.925 [QuartzScheduler_MyScheduler-fjhghgg1595554538129_ClusterManager] WARN  o.s.scheduling.quartz.LocalDataSourceJobStore:3396 - This scheduler instance (fjhghgg1595554538129) is still active but was recovered by another instance in the cluster.  This may cause inconsistent behavior.
2020-07-24 09:51:51.927 [QuartzScheduler_MyScheduler-fjhghgg1595554538129_ClusterManager] WARN  o.s.scheduling.quartz.LocalDataSourceJobStore:3396 - This scheduler instance (fjhghgg1595554538129) is still active but was recovered by another instance in the cluster.  This may cause inconsistent behavior.
2020-07-24 09:52:01.930 [QuartzScheduler_MyScheduler-fjhghgg1595554538129_ClusterManager] WARN  o.s.scheduling.quartz.LocalDataSourceJobStore:3396 - This scheduler instance (fjhghgg1595554538129) is still active but was recovered by another instance in the cluster.  This may cause inconsistent behavior.
2020-07-24 09:52:11.933 [QuartzScheduler_MyScheduler-fjhghgg1595554538129_ClusterManager] WARN  o.s.scheduling.quartz.LocalDataSourceJobStore:3396 - This scheduler instance (fjhghgg1595554538129) is still active but was recovered by another instance in the cluster.  This may cause inconsistent behavior.
2020-07-24 09:52:21.934 [QuartzScheduler_MyScheduler-fjhghgg1595554538129_ClusterManager] WARN  o.s.scheduling.quartz.LocalDataSourceJobStore:3396 - This scheduler instance (fjhghgg1595554538129) is still active but was recovered by another instance in the cluster.  This may cause inconsistent behavior.
2020-07-24 09:52:31.937 [QuartzScheduler_MyScheduler-fjhghgg1595554538129_ClusterManager] WARN  o.s.scheduling.quartz.LocalDataSourceJobStore:3396 - This scheduler instance (fjhghgg1595554538129) is still active but was recovered by another instance in the cluster.  This may cause inconsistent behavior.
2020-07-24 09:52:41.939 [QuartzScheduler_MyScheduler-fjhghgg1595554538129_ClusterManager] WARN  o.s.scheduling.quartz.LocalDataSourceJobStore:3396 - This scheduler instance (fjhghgg1595554538129) is still active but was recovered by another instance in the cluster.  This may cause inconsistent behavior.
2020-07-24 09:52:51.942 [QuartzScheduler_MyScheduler-fjhghgg1595554538129_ClusterManager] WARN  o.s.scheduling.quartz.LocalDataSourceJobStore:3396 - This scheduler instance (fjhghgg1595554538129) is still active but was recovered by another instance in the cluster.  This may cause inconsistent behavior.
2020-07-24 09:53:01.944 [QuartzScheduler_MyScheduler-fjhghgg1595554538129_ClusterManager] WARN  o.s.scheduling.quartz.LocalDataSourceJobStore:3396 - This scheduler instance (fjhghgg1595554538129) is still active but was recovered by another instance in the cluster.  This may cause inconsistent behavior.
2020-07-24 09:53:11.946 [QuartzScheduler_MyScheduler-fjhghgg1595554538129_ClusterManager] WARN  o.s.scheduling.quartz.LocalDataSourceJobStore:3396 - This scheduler instance (fjhghgg1595554538129) is still active but was recovered by another instance in the cluster.  This may cause inconsistent behavior.
2020-07-24 09:53:21.949 [QuartzScheduler_MyScheduler-fjhghgg1595554538129_ClusterManager] WARN  o.s.scheduling.quartz.LocalDataSourceJobStore:3396 - This scheduler instance (fjhghgg1595554538129) is still active but was recovered by another instance in the cluster.  This may cause inconsistent behavior.
2020-07-24 09:53:31.951 [QuartzScheduler_MyScheduler-fjhghgg1595554538129_ClusterManager] WARN  o.s.scheduling.quartz.LocalDataSourceJobStore:3396 - This scheduler instance (fjhghgg1595554538129) is still active but was recovered by another instance in the cluster.  This may cause inconsistent behavior.
2020-07-24 09:53:41.953 [QuartzScheduler_MyScheduler-fjhghgg1595554538129_ClusterManager] WARN  o.s.scheduling.quartz.LocalDataSourceJobStore:3396 - This scheduler instance (fjhghgg1595554538129) is still active but was recovered by another instance in the cluster.  This may cause inconsistent behavior.
2020-07-24 09:53:51.955 [QuartzScheduler_MyScheduler-fjhghgg1595554538129_ClusterManager] WARN  o.s.scheduling.quartz.LocalDataSourceJobStore:3396 - This scheduler instance (fjhghgg1595554538129) is still active but was recovered by another instance in the cluster.  This may cause inconsistent behavior.
2020-07-24 09:54:01.959 [QuartzScheduler_MyScheduler-fjhghgg1595554538129_ClusterManager] WARN  o.s.scheduling.quartz.LocalDataSourceJobStore:3396 - This scheduler instance (fjhghgg1595554538129) is still active but was recovered by another instance in the cluster.  This may cause inconsistent behavior.
2020-07-24 09:54:11.960 [QuartzScheduler_MyScheduler-fjhghgg1595554538129_ClusterManager] WARN  o.s.scheduling.quartz.LocalDataSourceJobStore:3396 - This scheduler instance (fjhghgg1595554538129) is still active but was recovered by another instance in the cluster.  This may cause inconsistent behavior.
2020-07-24 09:54:21.960 [QuartzScheduler_MyScheduler-fjhghgg1595554538129_ClusterManager] WARN  o.s.scheduling.quartz.LocalDataSourceJobStore:3396 - This scheduler instance (fjhghgg1595554538129) is still active but was recovered by another instance in the cluster.  This may cause inconsistent behavior.
2020-07-24 09:54:31.963 [QuartzScheduler_MyScheduler-fjhghgg1595554538129_ClusterManager] WARN  o.s.scheduling.quartz.LocalDataSourceJobStore:3396 - This scheduler instance (fjhghgg1595554538129) is still active but was recovered by another instance in the cluster.  This may cause inconsistent behavior.
2020-07-24 09:54:41.965 [QuartzScheduler_MyScheduler-fjhghgg1595554538129_ClusterManager] WARN  o.s.scheduling.quartz.LocalDataSourceJobStore:3396 - This scheduler instance (fjhghgg1595554538129) is still active but was recovered by another instance in the cluster.  This may cause inconsistent behavior.
2020-07-24 09:54:51.967 [QuartzScheduler_MyScheduler-fjhghgg1595554538129_ClusterManager] WARN  o.s.scheduling.quartz.LocalDataSourceJobStore:3396 - This scheduler instance (fjhghgg1595554538129) is still active but was recovered by another instance in the cluster.  This may cause inconsistent behavior.
2020-07-24 09:55:01.970 [QuartzScheduler_MyScheduler-fjhghgg1595554538129_ClusterManager] WARN  o.s.scheduling.quartz.LocalDataSourceJobStore:3396 - This scheduler instance (fjhghgg1595554538129) is still active but was recovered by another instance in the cluster.  This may cause inconsistent behavior.
2020-07-24 09:55:11.973 [QuartzScheduler_MyScheduler-fjhghgg1595554538129_ClusterManager] WARN  o.s.scheduling.quartz.LocalDataSourceJobStore:3396 - This scheduler instance (fjhghgg1595554538129) is still active but was recovered by another instance in the cluster.  This may cause inconsistent behavior.
2020-07-24 09:55:21.975 [QuartzScheduler_MyScheduler-fjhghgg1595554538129_ClusterManager] WARN  o.s.scheduling.quartz.LocalDataSourceJobStore:3396 - This scheduler instance (fjhghgg1595554538129) is still active but was recovered by another instance in the cluster.  This may cause inconsistent behavior.
2020-07-24 09:55:31.977 [QuartzScheduler_MyScheduler-fjhghgg1595554538129_ClusterManager] WARN  o.s.scheduling.quartz.LocalDataSourceJobStore:3396 - This scheduler instance (fjhghgg1595554538129) is still active but was recovered by another instance in the cluster.  This may cause inconsistent behavior.
2020-07-24 09:55:41.981 [QuartzScheduler_MyScheduler-fjhghgg1595554538129_ClusterManager] WARN  o.s.scheduling.quartz.LocalDataSourceJobStore:3396 - This scheduler instance (fjhghgg1595554538129) is still active but was recovered by another instance in the cluster.  This may cause inconsistent behavior.
2020-07-24 09:55:51.983 [QuartzScheduler_MyScheduler-fjhghgg1595554538129_ClusterManager] WARN  o.s.scheduling.quartz.LocalDataSourceJobStore:3396 - This scheduler instance (fjhghgg1595554538129) is still active but was recovered by another instance in the cluster.  This may cause inconsistent behavior.
2020-07-24 09:56:01.987 [QuartzScheduler_MyScheduler-fjhghgg1595554538129_ClusterManager] WARN  o.s.scheduling.quartz.LocalDataSourceJobStore:3396 - This scheduler instance (fjhghgg1595554538129) is still active but was recovered by another instance in the cluster.  This may cause inconsistent behavior.
2020-07-24 09:56:11.990 [QuartzScheduler_MyScheduler-fjhghgg1595554538129_ClusterManager] WARN  o.s.scheduling.quartz.LocalDataSourceJobStore:3396 - This scheduler instance (fjhghgg1595554538129) is still active but was recovered by another instance in the cluster.  This may cause inconsistent behavior.
2020-07-24 09:56:21.992 [QuartzScheduler_MyScheduler-fjhghgg1595554538129_ClusterManager] WARN  o.s.scheduling.quartz.LocalDataSourceJobStore:3396 - This scheduler instance (fjhghgg1595554538129) is still active but was recovered by another instance in the cluster.  This may cause inconsistent behavior.
2020-07-24 09:56:31.994 [QuartzScheduler_MyScheduler-fjhghgg1595554538129_ClusterManager] WARN  o.s.scheduling.quartz.LocalDataSourceJobStore:3396 - This scheduler instance (fjhghgg1595554538129) is still active but was recovered by another instance in the cluster.  This may cause inconsistent behavior.
2020-07-24 09:56:41.996 [QuartzScheduler_MyScheduler-fjhghgg1595554538129_ClusterManager] WARN  o.s.scheduling.quartz.LocalDataSourceJobStore:3396 - This scheduler instance (fjhghgg1595554538129) is still active but was recovered by another instance in the cluster.  This may cause inconsistent behavior.
2020-07-24 09:56:51.999 [QuartzScheduler_MyScheduler-fjhghgg1595554538129_ClusterManager] WARN  o.s.scheduling.quartz.LocalDataSourceJobStore:3396 - This scheduler instance (fjhghgg1595554538129) is still active but was recovered by another instance in the cluster.  This may cause inconsistent behavior.
2020-07-24 09:57:02.001 [QuartzScheduler_MyScheduler-fjhghgg1595554538129_ClusterManager] WARN  o.s.scheduling.quartz.LocalDataSourceJobStore:3396 - This scheduler instance (fjhghgg1595554538129) is still active but was recovered by another instance in the cluster.  This may cause inconsistent behavior.
2020-07-24 09:57:12.002 [QuartzScheduler_MyScheduler-fjhghgg1595554538129_ClusterManager] WARN  o.s.scheduling.quartz.LocalDataSourceJobStore:3396 - This scheduler instance (fjhghgg1595554538129) is still active but was recovered by another instance in the cluster.  This may cause inconsistent behavior.
2020-07-24 09:57:22.005 [QuartzScheduler_MyScheduler-fjhghgg1595554538129_ClusterManager] WARN  o.s.scheduling.quartz.LocalDataSourceJobStore:3396 - This scheduler instance (fjhghgg1595554538129) is still active but was recovered by another instance in the cluster.  This may cause inconsistent behavior.
2020-07-24 09:57:32.008 [QuartzScheduler_MyScheduler-fjhghgg1595554538129_ClusterManager] WARN  o.s.scheduling.quartz.LocalDataSourceJobStore:3396 - This scheduler instance (fjhghgg1595554538129) is still active but was recovered by another instance in the cluster.  This may cause inconsistent behavior.
2020-07-24 09:57:42.009 [QuartzScheduler_MyScheduler-fjhghgg1595554538129_ClusterManager] WARN  o.s.scheduling.quartz.LocalDataSourceJobStore:3396 - This scheduler instance (fjhghgg1595554538129) is still active but was recovered by another instance in the cluster.  This may cause inconsistent behavior.
2020-07-24 09:57:52.011 [QuartzScheduler_MyScheduler-fjhghgg1595554538129_ClusterManager] WARN  o.s.scheduling.quartz.LocalDataSourceJobStore:3396 - This scheduler instance (fjhghgg1595554538129) is still active but was recovered by another instance in the cluster.  This may cause inconsistent behavior.
2020-07-24 09:58:02.013 [QuartzScheduler_MyScheduler-fjhghgg1595554538129_ClusterManager] WARN  o.s.scheduling.quartz.LocalDataSourceJobStore:3396 - This scheduler instance (fjhghgg1595554538129) is still active but was recovered by another instance in the cluster.  This may cause inconsistent behavior.
2020-07-24 09:58:12.015 [QuartzScheduler_MyScheduler-fjhghgg1595554538129_ClusterManager] WARN  o.s.scheduling.quartz.LocalDataSourceJobStore:3396 - This scheduler instance (fjhghgg1595554538129) is still active but was recovered by another instance in the cluster.  This may cause inconsistent behavior.
2020-07-24 09:58:22.017 [QuartzScheduler_MyScheduler-fjhghgg1595554538129_ClusterManager] WARN  o.s.scheduling.quartz.LocalDataSourceJobStore:3396 - This scheduler instance (fjhghgg1595554538129) is still active but was recovered by another instance in the cluster.  This may cause inconsistent behavior.
