2020-12-16 09:41:42.895 [main] INFO  org.jeecg.JeecgApplication:50 - Starting JeecgApplication on DESKTOP-SG8LQAK with PID 20308 (started by Kenny in C:\Users\Kenny\Desktop\2020\代码\Web\jeecg-boot)
2020-12-16 09:41:42.895 [main] INFO  org.jeecg.JeecgApplication:679 - The following profiles are active: dev
2020-12-16 09:41:48.004 [main] INFO  o.s.d.r.config.RepositoryConfigurationDelegate:244 - Multiple Spring Data modules found, entering strict repository configuration mode!
2020-12-16 09:41:48.004 [main] INFO  o.s.d.r.config.RepositoryConfigurationDelegate:126 - Bootstrapping Spring Data repositories in DEFAULT mode.
2020-12-16 09:41:48.144 [main] INFO  o.s.d.r.config.RepositoryConfigurationDelegate:182 - Finished Spring Data repository scanning in 125ms. Found 0 repository interfaces.
2020-12-16 09:41:48.707 [main] INFO  o.s.c.s.PostProcessorRegistrationDelegate$BeanPostProcessorChecker:330 - Bean 'shiroConfig' of type [org.jeecg.config.ShiroConfig$$EnhancerBySpringCGLIB$$551232e0] is not eligible for getting processed by all BeanPostProcessors (for example: not eligible for auto-proxying)
2020-12-16 09:41:48.800 [main] INFO  o.s.c.s.PostProcessorRegistrationDelegate$BeanPostProcessorChecker:330 - Bean 'shiroRealm' of type [org.jeecg.modules.shiro.authc.ShiroRealm] is not eligible for getting processed by all BeanPostProcessors (for example: not eligible for auto-proxying)
2020-12-16 09:41:49.129 [main] INFO  org.jeecg.config.ShiroConfig:220 - ===============(1)创建缓存管理器RedisCacheManager
2020-12-16 09:41:49.129 [main] INFO  org.jeecg.config.ShiroConfig:238 - ===============(2)创建RedisManager,连接Redis..URL= 192.168.101.63:6379
2020-12-16 09:41:49.144 [main] INFO  o.s.c.s.PostProcessorRegistrationDelegate$BeanPostProcessorChecker:330 - Bean 'redisManager' of type [org.crazycake.shiro.RedisManager] is not eligible for getting processed by all BeanPostProcessors (for example: not eligible for auto-proxying)
2020-12-16 09:41:49.144 [main] INFO  o.s.c.s.PostProcessorRegistrationDelegate$BeanPostProcessorChecker:330 - Bean 'securityManager' of type [org.apache.shiro.web.mgt.DefaultWebSecurityManager] is not eligible for getting processed by all BeanPostProcessors (for example: not eligible for auto-proxying)
2020-12-16 09:41:49.191 [main] INFO  o.s.c.s.PostProcessorRegistrationDelegate$BeanPostProcessorChecker:330 - Bean 'authorizationAttributeSourceAdvisor' of type [org.apache.shiro.spring.security.interceptor.AuthorizationAttributeSourceAdvisor] is not eligible for getting processed by all BeanPostProcessors (for example: not eligible for auto-proxying)
2020-12-16 09:41:49.285 [main] INFO  o.s.c.s.PostProcessorRegistrationDelegate$BeanPostProcessorChecker:330 - Bean 'org.springframework.transaction.annotation.ProxyTransactionManagementConfiguration' of type [org.springframework.transaction.annotation.ProxyTransactionManagementConfiguration$$EnhancerBySpringCGLIB$$350cc94a] is not eligible for getting processed by all BeanPostProcessors (for example: not eligible for auto-proxying)
2020-12-16 09:41:49.472 [main] INFO  o.s.c.s.PostProcessorRegistrationDelegate$BeanPostProcessorChecker:330 - Bean 'spring.datasource.dynamic-com.baomidou.dynamic.datasource.spring.boot.autoconfigure.DynamicDataSourceProperties' of type [com.baomidou.dynamic.datasource.spring.boot.autoconfigure.DynamicDataSourceProperties] is not eligible for getting processed by all BeanPostProcessors (for example: not eligible for auto-proxying)
2020-12-16 09:41:49.472 [main] INFO  o.s.c.s.PostProcessorRegistrationDelegate$BeanPostProcessorChecker:330 - Bean 'com.baomidou.dynamic.datasource.spring.boot.autoconfigure.DynamicDataSourceAutoConfiguration' of type [com.baomidou.dynamic.datasource.spring.boot.autoconfigure.DynamicDataSourceAutoConfiguration$$EnhancerBySpringCGLIB$$9e9b3a1b] is not eligible for getting processed by all BeanPostProcessors (for example: not eligible for auto-proxying)
2020-12-16 09:41:49.488 [main] INFO  o.s.c.s.PostProcessorRegistrationDelegate$BeanPostProcessorChecker:330 - Bean 'dsProcessor' of type [com.baomidou.dynamic.datasource.processor.DsHeaderProcessor] is not eligible for getting processed by all BeanPostProcessors (for example: not eligible for auto-proxying)
2020-12-16 09:41:49.503 [main] INFO  o.s.c.s.PostProcessorRegistrationDelegate$BeanPostProcessorChecker:330 - Bean 'dynamicDatasourceAnnotationAdvisor' of type [com.baomidou.dynamic.datasource.aop.DynamicDataSourceAnnotationAdvisor] is not eligible for getting processed by all BeanPostProcessors (for example: not eligible for auto-proxying)
2020-12-16 09:41:49.519 [main] INFO  o.s.c.s.PostProcessorRegistrationDelegate$BeanPostProcessorChecker:330 - Bean 'spring.redis-org.springframework.boot.autoconfigure.data.redis.RedisProperties' of type [org.springframework.boot.autoconfigure.data.redis.RedisProperties] is not eligible for getting processed by all BeanPostProcessors (for example: not eligible for auto-proxying)
2020-12-16 09:41:49.535 [main] INFO  o.s.c.s.PostProcessorRegistrationDelegate$BeanPostProcessorChecker:330 - Bean 'org.springframework.boot.autoconfigure.data.redis.LettuceConnectionConfiguration' of type [org.springframework.boot.autoconfigure.data.redis.LettuceConnectionConfiguration$$EnhancerBySpringCGLIB$$4a268794] is not eligible for getting processed by all BeanPostProcessors (for example: not eligible for auto-proxying)
2020-12-16 09:41:49.706 [main] INFO  o.s.c.s.PostProcessorRegistrationDelegate$BeanPostProcessorChecker:330 - Bean 'lettuceClientResources' of type [io.lettuce.core.resource.DefaultClientResources] is not eligible for getting processed by all BeanPostProcessors (for example: not eligible for auto-proxying)
2020-12-16 09:41:49.816 [main] INFO  o.s.c.s.PostProcessorRegistrationDelegate$BeanPostProcessorChecker:330 - Bean 'redisConnectionFactory' of type [org.springframework.data.redis.connection.lettuce.LettuceConnectionFactory] is not eligible for getting processed by all BeanPostProcessors (for example: not eligible for auto-proxying)
2020-12-16 09:41:49.831 [main] INFO  o.s.c.s.PostProcessorRegistrationDelegate$BeanPostProcessorChecker:330 - Bean 'redisConfig' of type [org.jeecg.config.RedisConfig$$EnhancerBySpringCGLIB$$9fe0ba2a] is not eligible for getting processed by all BeanPostProcessors (for example: not eligible for auto-proxying)
2020-12-16 09:41:49.863 [main] INFO  o.s.c.s.PostProcessorRegistrationDelegate$BeanPostProcessorChecker:330 - Bean 'org.apache.shiro.spring.boot.autoconfigure.ShiroBeanAutoConfiguration' of type [org.apache.shiro.spring.boot.autoconfigure.ShiroBeanAutoConfiguration$$EnhancerBySpringCGLIB$$4825a6fa] is not eligible for getting processed by all BeanPostProcessors (for example: not eligible for auto-proxying)
2020-12-16 09:41:49.863 [main] INFO  o.s.c.s.PostProcessorRegistrationDelegate$BeanPostProcessorChecker:330 - Bean 'eventBus' of type [org.apache.shiro.event.support.DefaultEventBus] is not eligible for getting processed by all BeanPostProcessors (for example: not eligible for auto-proxying)
2020-12-16 09:41:50.378 [main] INFO  o.s.boot.web.embedded.tomcat.TomcatWebServer:90 - Tomcat initialized with port(s): 8080 (http)
2020-12-16 09:41:50.378 [main] INFO  org.apache.coyote.http11.Http11NioProtocol:173 - Initializing ProtocolHandler ["http-nio-8080"]
2020-12-16 09:41:50.394 [main] INFO  org.apache.catalina.core.StandardService:173 - Starting service [Tomcat]
2020-12-16 09:41:50.394 [main] INFO  org.apache.catalina.core.StandardEngine:173 - Starting Servlet engine: [Apache Tomcat/9.0.16]
2020-12-16 09:41:50.394 [main] INFO  org.apache.catalina.core.AprLifecycleListener:173 - The APR based Apache Tomcat Native library which allows optimal performance in production environments was not found on the java.library.path: [C:\Java\jdk1.8.0_261\bin;C:\Windows\Sun\Java\bin;C:\Windows\system32;C:\Windows;F:\app\Kenny\product\11.2.0\client_1;C:\Program Files (x86)\Common Files\Oracle\Java\javapath;C:\Windows\system32;C:\Windows;C:\Windows\System32\Wbem;C:\Windows\System32\WindowsPowerShell\v1.0\;C:\Windows\System32\OpenSSH\;F:\Program Files\nodejs\;F:\Program Files\TortoiseSVN\bin;C:\Users\Kenny\AppData\Local\Microsoft\WindowsApps;"C:\Java\jdk1.8.0_261\bin;C:\Java\jdk1.8.0_261\jre\bin;";F:\Program Files\nodejs\node_global;F:\Program Files\Microsoft VS Code\bin;C:\Java\apache-maven-3.6.3\bin;;.]
2020-12-16 09:41:50.519 [main] INFO  o.a.c.c.C.[Tomcat].[localhost].[/jeecg-boot]:173 - Initializing Spring embedded WebApplicationContext
2020-12-16 09:41:50.519 [main] INFO  org.springframework.web.context.ContextLoader:296 - Root WebApplicationContext: initialization completed in 7514 ms
2020-12-16 09:41:50.940 [main] WARN  com.alibaba.druid.pool.DruidAbstractDataSource:1214 - oracle.jdbc.driver.OracleDriver is deprecated.Having use oracle.jdbc.OracleDriver.
2020-12-16 09:41:51.659 [main] INFO  com.alibaba.druid.pool.DruidDataSource:1003 - {dataSource-1} inited
2020-12-16 09:42:12.764 [Druid-ConnectionPool-Create-559087077] ERROR com.alibaba.druid.pool.DruidDataSource:2699 - create connection SQLException, url: jdbc:oracle:thin:@192.168.101.227:1521:ORCL, errorCode 17002, state 08006
java.sql.SQLRecoverableException: IO 错误: The Network Adapter could not establish the connection
	at oracle.jdbc.driver.T4CConnection.logon(T4CConnection.java:458)
	at oracle.jdbc.driver.PhysicalConnection.<init>(PhysicalConnection.java:546)
	at oracle.jdbc.driver.T4CConnection.<init>(T4CConnection.java:236)
	at oracle.jdbc.driver.T4CDriverExtension.getConnection(T4CDriverExtension.java:32)
	at oracle.jdbc.driver.OracleDriver.connect(OracleDriver.java:521)
	at com.alibaba.druid.pool.DruidAbstractDataSource.createPhysicalConnection(DruidAbstractDataSource.java:1596)
	at com.alibaba.druid.pool.DruidAbstractDataSource.createPhysicalConnection(DruidAbstractDataSource.java:1662)
	at com.alibaba.druid.pool.DruidDataSource$CreateConnectionThread.run(DruidDataSource.java:2697)
Caused by: oracle.net.ns.NetException: The Network Adapter could not establish the connection
	at oracle.net.nt.ConnStrategy.execute(ConnStrategy.java:392)
	at oracle.net.resolver.AddrResolution.resolveAndExecute(AddrResolution.java:434)
	at oracle.net.ns.NSProtocol.establishConnection(NSProtocol.java:687)
	at oracle.net.ns.NSProtocol.connect(NSProtocol.java:247)
	at oracle.jdbc.driver.T4CConnection.connect(T4CConnection.java:1102)
	at oracle.jdbc.driver.T4CConnection.logon(T4CConnection.java:320)
	... 7 common frames omitted
Caused by: java.net.ConnectException: Connection timed out: connect
	at java.net.DualStackPlainSocketImpl.waitForConnect(Native Method)
	at java.net.DualStackPlainSocketImpl.socketConnect(DualStackPlainSocketImpl.java:81)
	at java.net.AbstractPlainSocketImpl.doConnect(AbstractPlainSocketImpl.java:476)
	at java.net.AbstractPlainSocketImpl.connectToAddress(AbstractPlainSocketImpl.java:218)
	at java.net.AbstractPlainSocketImpl.connect(AbstractPlainSocketImpl.java:200)
	at java.net.PlainSocketImpl.connect(PlainSocketImpl.java:162)
	at java.net.SocksSocketImpl.connect(SocksSocketImpl.java:394)
	at java.net.Socket.connect(Socket.java:606)
	at oracle.net.nt.TcpNTAdapter.connect(TcpNTAdapter.java:150)
	at oracle.net.nt.ConnOption.connect(ConnOption.java:133)
	at oracle.net.nt.ConnStrategy.execute(ConnStrategy.java:370)
	... 12 common frames omitted
2020-12-16 13:12:48.100 [main] INFO  org.jeecg.JeecgApplication:50 - Starting JeecgApplication on DESKTOP-SG8LQAK with PID 12792 (started by Kenny in C:\Project\2020\代码\Web\jeecg-boot)
2020-12-16 13:12:48.126 [main] INFO  org.jeecg.JeecgApplication:679 - The following profiles are active: dev
2020-12-16 13:12:58.431 [main] INFO  o.s.d.r.config.RepositoryConfigurationDelegate:244 - Multiple Spring Data modules found, entering strict repository configuration mode!
2020-12-16 13:12:58.431 [main] INFO  o.s.d.r.config.RepositoryConfigurationDelegate:126 - Bootstrapping Spring Data repositories in DEFAULT mode.
2020-12-16 13:12:58.681 [main] INFO  o.s.d.r.config.RepositoryConfigurationDelegate:182 - Finished Spring Data repository scanning in 156ms. Found 0 repository interfaces.
2020-12-16 13:13:00.224 [main] INFO  o.s.c.s.PostProcessorRegistrationDelegate$BeanPostProcessorChecker:330 - Bean 'shiroConfig' of type [org.jeecg.config.ShiroConfig$$EnhancerBySpringCGLIB$$3e70c5d7] is not eligible for getting processed by all BeanPostProcessors (for example: not eligible for auto-proxying)
2020-12-16 13:13:00.449 [main] INFO  o.s.c.s.PostProcessorRegistrationDelegate$BeanPostProcessorChecker:330 - Bean 'shiroRealm' of type [org.jeecg.modules.shiro.authc.ShiroRealm] is not eligible for getting processed by all BeanPostProcessors (for example: not eligible for auto-proxying)
2020-12-16 13:13:01.008 [main] INFO  org.jeecg.config.ShiroConfig:220 - ===============(1)创建缓存管理器RedisCacheManager
2020-12-16 13:13:01.008 [main] INFO  org.jeecg.config.ShiroConfig:238 - ===============(2)创建RedisManager,连接Redis..URL= 192.168.101.63:6379
2020-12-16 13:13:01.008 [main] INFO  o.s.c.s.PostProcessorRegistrationDelegate$BeanPostProcessorChecker:330 - Bean 'redisManager' of type [org.crazycake.shiro.RedisManager] is not eligible for getting processed by all BeanPostProcessors (for example: not eligible for auto-proxying)
2020-12-16 13:13:01.055 [main] INFO  o.s.c.s.PostProcessorRegistrationDelegate$BeanPostProcessorChecker:330 - Bean 'securityManager' of type [org.apache.shiro.web.mgt.DefaultWebSecurityManager] is not eligible for getting processed by all BeanPostProcessors (for example: not eligible for auto-proxying)
2020-12-16 13:13:01.211 [main] INFO  o.s.c.s.PostProcessorRegistrationDelegate$BeanPostProcessorChecker:330 - Bean 'authorizationAttributeSourceAdvisor' of type [org.apache.shiro.spring.security.interceptor.AuthorizationAttributeSourceAdvisor] is not eligible for getting processed by all BeanPostProcessors (for example: not eligible for auto-proxying)
2020-12-16 13:13:01.415 [main] INFO  o.s.c.s.PostProcessorRegistrationDelegate$BeanPostProcessorChecker:330 - Bean 'org.springframework.transaction.annotation.ProxyTransactionManagementConfiguration' of type [org.springframework.transaction.annotation.ProxyTransactionManagementConfiguration$$EnhancerBySpringCGLIB$$1e6b5c41] is not eligible for getting processed by all BeanPostProcessors (for example: not eligible for auto-proxying)
2020-12-16 13:13:01.789 [main] INFO  o.s.c.s.PostProcessorRegistrationDelegate$BeanPostProcessorChecker:330 - Bean 'spring.datasource.dynamic-com.baomidou.dynamic.datasource.spring.boot.autoconfigure.DynamicDataSourceProperties' of type [com.baomidou.dynamic.datasource.spring.boot.autoconfigure.DynamicDataSourceProperties] is not eligible for getting processed by all BeanPostProcessors (for example: not eligible for auto-proxying)
2020-12-16 13:13:01.789 [main] INFO  o.s.c.s.PostProcessorRegistrationDelegate$BeanPostProcessorChecker:330 - Bean 'com.baomidou.dynamic.datasource.spring.boot.autoconfigure.DynamicDataSourceAutoConfiguration' of type [com.baomidou.dynamic.datasource.spring.boot.autoconfigure.DynamicDataSourceAutoConfiguration$$EnhancerBySpringCGLIB$$87f9cd12] is not eligible for getting processed by all BeanPostProcessors (for example: not eligible for auto-proxying)
2020-12-16 13:13:01.805 [main] INFO  o.s.c.s.PostProcessorRegistrationDelegate$BeanPostProcessorChecker:330 - Bean 'dsProcessor' of type [com.baomidou.dynamic.datasource.processor.DsHeaderProcessor] is not eligible for getting processed by all BeanPostProcessors (for example: not eligible for auto-proxying)
2020-12-16 13:13:01.852 [main] INFO  o.s.c.s.PostProcessorRegistrationDelegate$BeanPostProcessorChecker:330 - Bean 'dynamicDatasourceAnnotationAdvisor' of type [com.baomidou.dynamic.datasource.aop.DynamicDataSourceAnnotationAdvisor] is not eligible for getting processed by all BeanPostProcessors (for example: not eligible for auto-proxying)
2020-12-16 13:13:01.868 [main] INFO  o.s.c.s.PostProcessorRegistrationDelegate$BeanPostProcessorChecker:330 - Bean 'spring.redis-org.springframework.boot.autoconfigure.data.redis.RedisProperties' of type [org.springframework.boot.autoconfigure.data.redis.RedisProperties] is not eligible for getting processed by all BeanPostProcessors (for example: not eligible for auto-proxying)
2020-12-16 13:13:01.868 [main] INFO  o.s.c.s.PostProcessorRegistrationDelegate$BeanPostProcessorChecker:330 - Bean 'org.springframework.boot.autoconfigure.data.redis.LettuceConnectionConfiguration' of type [org.springframework.boot.autoconfigure.data.redis.LettuceConnectionConfiguration$$EnhancerBySpringCGLIB$$33851a8b] is not eligible for getting processed by all BeanPostProcessors (for example: not eligible for auto-proxying)
2020-12-16 13:13:02.212 [main] INFO  o.s.c.s.PostProcessorRegistrationDelegate$BeanPostProcessorChecker:330 - Bean 'lettuceClientResources' of type [io.lettuce.core.resource.DefaultClientResources] is not eligible for getting processed by all BeanPostProcessors (for example: not eligible for auto-proxying)
2020-12-16 13:13:02.461 [main] INFO  o.s.c.s.PostProcessorRegistrationDelegate$BeanPostProcessorChecker:330 - Bean 'redisConnectionFactory' of type [org.springframework.data.redis.connection.lettuce.LettuceConnectionFactory] is not eligible for getting processed by all BeanPostProcessors (for example: not eligible for auto-proxying)
2020-12-16 13:13:02.461 [main] INFO  o.s.c.s.PostProcessorRegistrationDelegate$BeanPostProcessorChecker:330 - Bean 'redisConfig' of type [org.jeecg.config.RedisConfig$$EnhancerBySpringCGLIB$$893f4d21] is not eligible for getting processed by all BeanPostProcessors (for example: not eligible for auto-proxying)
2020-12-16 13:13:02.555 [main] INFO  o.s.c.s.PostProcessorRegistrationDelegate$BeanPostProcessorChecker:330 - Bean 'org.apache.shiro.spring.boot.autoconfigure.ShiroBeanAutoConfiguration' of type [org.apache.shiro.spring.boot.autoconfigure.ShiroBeanAutoConfiguration$$EnhancerBySpringCGLIB$$318439f1] is not eligible for getting processed by all BeanPostProcessors (for example: not eligible for auto-proxying)
2020-12-16 13:13:02.555 [main] INFO  o.s.c.s.PostProcessorRegistrationDelegate$BeanPostProcessorChecker:330 - Bean 'eventBus' of type [org.apache.shiro.event.support.DefaultEventBus] is not eligible for getting processed by all BeanPostProcessors (for example: not eligible for auto-proxying)
2020-12-16 13:13:04.338 [main] INFO  o.s.boot.web.embedded.tomcat.TomcatWebServer:90 - Tomcat initialized with port(s): 8080 (http)
2020-12-16 13:13:04.369 [main] INFO  org.apache.coyote.http11.Http11NioProtocol:173 - Initializing ProtocolHandler ["http-nio-8080"]
2020-12-16 13:13:04.385 [main] INFO  org.apache.catalina.core.StandardService:173 - Starting service [Tomcat]
2020-12-16 13:13:04.385 [main] INFO  org.apache.catalina.core.StandardEngine:173 - Starting Servlet engine: [Apache Tomcat/9.0.16]
2020-12-16 13:13:04.400 [main] INFO  org.apache.catalina.core.AprLifecycleListener:173 - The APR based Apache Tomcat Native library which allows optimal performance in production environments was not found on the java.library.path: [C:\Java\jdk1.8.0_261\bin;C:\Windows\Sun\Java\bin;C:\Windows\system32;C:\Windows;F:\app\Kenny\product\11.2.0\client_1;C:\Program Files (x86)\Common Files\Oracle\Java\javapath;C:\Windows\system32;C:\Windows;C:\Windows\System32\Wbem;C:\Windows\System32\WindowsPowerShell\v1.0\;C:\Windows\System32\OpenSSH\;F:\Program Files\nodejs\;F:\Program Files\TortoiseSVN\bin;C:\Users\Kenny\AppData\Local\Microsoft\WindowsApps;"C:\Java\jdk1.8.0_261\bin;C:\Java\jdk1.8.0_261\jre\bin;";F:\Program Files\nodejs\node_global;F:\Program Files\Microsoft VS Code\bin;C:\Java\apache-maven-3.6.3\bin;;.]
2020-12-16 13:13:04.572 [main] INFO  o.a.c.c.C.[Tomcat].[localhost].[/jeecg-boot]:173 - Initializing Spring embedded WebApplicationContext
2020-12-16 13:13:04.572 [main] INFO  org.springframework.web.context.ContextLoader:296 - Root WebApplicationContext: initialization completed in 16277 ms
2020-12-16 13:13:05.072 [main] WARN  com.alibaba.druid.pool.DruidAbstractDataSource:1214 - oracle.jdbc.driver.OracleDriver is deprecated.Having use oracle.jdbc.OracleDriver.
2020-12-16 13:13:05.806 [main] INFO  com.alibaba.druid.pool.DruidDataSource:1003 - {dataSource-1} inited
2020-12-16 13:13:06.122 [main] INFO  org.hibernate.jpa.internal.util.LogHelper:31 - HHH000204: Processing PersistenceUnitInfo [
	name: default
	...]
2020-12-16 13:13:06.265 [main] INFO  org.hibernate.Version:46 - HHH000412: Hibernate Core {5.3.7.Final}
2020-12-16 13:13:06.266 [main] INFO  org.hibernate.cfg.Environment:213 - HHH000206: hibernate.properties not found
2020-12-16 13:13:06.494 [main] INFO  org.hibernate.annotations.common.Version:49 - HCANN000001: Hibernate Commons Annotations {5.0.4.Final}
2020-12-16 13:13:06.916 [main] INFO  org.hibernate.dialect.Dialect:157 - HHH000400: Using dialect: org.hibernate.dialect.Oracle12cDialect
2020-12-16 13:13:07.244 [main] INFO  org.hibernate.type.BasicTypeRegistry:159 - HHH000270: Type registration [byte[]] overrides previous : org.hibernate.type.BinaryType@5f911d24
2020-12-16 13:13:07.244 [main] INFO  org.hibernate.type.BasicTypeRegistry:159 - HHH000270: Type registration [[B] overrides previous : org.hibernate.type.BinaryType@5f911d24
2020-12-16 13:13:07.244 [main] INFO  org.hibernate.type.BasicTypeRegistry:159 - HHH000270: Type registration [Byte[]] overrides previous : org.hibernate.type.WrapperBinaryType@42ebece0
2020-12-16 13:13:07.244 [main] INFO  org.hibernate.type.BasicTypeRegistry:159 - HHH000270: Type registration [[Ljava.lang.Byte;] overrides previous : org.hibernate.type.WrapperBinaryType@42ebece0
2020-12-16 13:13:07.400 [main] INFO  o.s.orm.jpa.LocalContainerEntityManagerFactoryBean:415 - Initialized JPA EntityManagerFactory for persistence unit 'default'
2020-12-16 13:13:09.300 [main] ERROR com.baomidou.mybatisplus.core.MybatisConfiguration:85 - mapper[org.jeecg.modules.system.mapper.SysDataLogMapper.queryMaxDataVer] is ignored, because it exists, maybe from xml file
2020-12-16 13:13:09.337 [main] WARN  c.b.mybatisplus.core.injector.AbstractMethod:306 - [org.jeecg.modules.company.mapper.CompanyMapper.deleteById] Has been loaded by XML or SqlProvider or Mybatis's Annotation, so ignoring this injection for [class com.baomidou.mybatisplus.core.injector.methods.DeleteById]
2020-12-16 13:13:10.962 [main] INFO  org.quartz.impl.StdSchedulerFactory:1208 - Using default implementation for ThreadExecutor
2020-12-16 13:13:10.977 [main] INFO  org.quartz.simpl.SimpleThreadPool:268 - Job execution threads will use class loader of thread: main
2020-12-16 13:13:10.977 [main] INFO  org.quartz.core.SchedulerSignalerImpl:61 - Initialized Scheduler Signaller of type: class org.quartz.core.SchedulerSignalerImpl
2020-12-16 13:13:10.977 [main] INFO  org.quartz.core.QuartzScheduler:229 - Quartz Scheduler v.2.3.0 created.
2020-12-16 13:13:10.977 [main] INFO  o.s.scheduling.quartz.LocalDataSourceJobStore:672 - Using db table-based data access locking (synchronization).
2020-12-16 13:13:10.977 [main] INFO  o.s.scheduling.quartz.LocalDataSourceJobStore:145 - JobStoreCMT initialized.
2020-12-16 13:13:10.977 [main] INFO  org.quartz.core.QuartzScheduler:294 - Scheduler meta-data: Quartz Scheduler (v2.3.0) 'MyScheduler' with instanceId 'NON_CLUSTERED'
  Scheduler class: 'org.quartz.core.QuartzScheduler' - running locally.
  NOT STARTED.
  Currently in standby mode.
  Number of jobs executed: 0
  Using thread pool 'org.quartz.simpl.SimpleThreadPool' - with 10 threads.
  Using job-store 'org.springframework.scheduling.quartz.LocalDataSourceJobStore' - which supports persistence. and is not clustered.

2020-12-16 13:13:10.977 [main] INFO  org.quartz.impl.StdSchedulerFactory:1362 - Quartz scheduler 'MyScheduler' initialized from an externally provided properties instance.
2020-12-16 13:13:10.977 [main] INFO  org.quartz.impl.StdSchedulerFactory:1366 - Quartz scheduler version: 2.3.0
2020-12-16 13:13:10.977 [main] INFO  org.quartz.core.QuartzScheduler:2287 - JobFactory set to: org.springframework.scheduling.quartz.SpringBeanJobFactory@6802c10e
2020-12-16 13:13:12.680 [main] INFO  org.activiti.engine.impl.ProcessEngineImpl:85 - ProcessEngine default created
2020-12-16 13:13:12.680 [main] INFO  org.activiti.engine.impl.jobexecutor.JobExecutor:79 - Starting up the JobExecutor[org.activiti.engine.impl.jobexecutor.DefaultJobExecutor].
2020-12-16 13:13:12.680 [Thread-4] INFO  o.a.e.impl.jobexecutor.AcquireJobsRunnableImpl:45 - JobExecutor[org.activiti.engine.impl.jobexecutor.DefaultJobExecutor] starting to acquire jobs
2020-12-16 13:13:13.847 [main] INFO  o.s.b.actuate.endpoint.web.EndpointLinksResolver:59 - Exposing 2 endpoint(s) beneath base path '/actuator'
2020-12-16 13:13:14.010 [main] INFO  s.d.s.w.PropertySourcedRequestMappingHandlerMapping:69 - Mapped URL path [/v2/api-docs] onto method [public org.springframework.http.ResponseEntity<springfox.documentation.spring.web.json.Json> springfox.documentation.swagger2.web.Swagger2Controller.getDocumentation(java.lang.String,javax.servlet.http.HttpServletRequest)]
2020-12-16 13:13:14.416 [main] INFO  c.b.dynamic.datasource.DynamicDataSourceCreator:113 - 动态数据源-检测到druid存在,如配置中未指定type,druid会默认配置
2020-12-16 13:13:15.166 [main] INFO  o.s.scheduling.concurrent.ThreadPoolTaskScheduler:171 - Initializing ExecutorService 'taskScheduler'
2020-12-16 13:13:15.275 [main] INFO  s.d.s.web.plugins.DocumentationPluginsBootstrapper:160 - Context refreshed
2020-12-16 13:13:15.291 [main] INFO  s.d.s.web.plugins.DocumentationPluginsBootstrapper:163 - Found 1 custom documentation plugin(s)
2020-12-16 13:13:15.353 [main] INFO  s.d.spring.web.scanners.ApiListingReferenceScanner:41 - Scanning for api listing references
2020-12-16 13:13:15.603 [main] INFO  s.d.s.w.r.operation.CachingOperationNameGenerator:40 - Generating unique operation named: addUsingPOST_1
2020-12-16 13:13:15.603 [main] INFO  s.d.s.w.r.operation.CachingOperationNameGenerator:40 - Generating unique operation named: deleteUsingDELETE_1
2020-12-16 13:13:15.603 [main] INFO  s.d.s.w.r.operation.CachingOperationNameGenerator:40 - Generating unique operation named: deleteBatchUsingDELETE_1
2020-12-16 13:13:15.603 [main] INFO  s.d.s.w.r.operation.CachingOperationNameGenerator:40 - Generating unique operation named: editUsingPUT_1
2020-12-16 13:13:15.603 [main] INFO  s.d.s.w.r.operation.CachingOperationNameGenerator:40 - Generating unique operation named: queryByIdUsingGET_1
2020-12-16 13:13:15.603 [main] INFO  s.d.s.w.r.operation.CachingOperationNameGenerator:40 - Generating unique operation named: queryPageListUsingGET_1
2020-12-16 13:13:15.619 [main] INFO  s.d.s.w.r.operation.CachingOperationNameGenerator:40 - Generating unique operation named: addUsingPOST_2
2020-12-16 13:13:15.619 [main] INFO  s.d.s.w.r.operation.CachingOperationNameGenerator:40 - Generating unique operation named: deleteUsingDELETE_2
2020-12-16 13:13:15.619 [main] INFO  s.d.s.w.r.operation.CachingOperationNameGenerator:40 - Generating unique operation named: deleteBatchUsingDELETE_2
2020-12-16 13:13:15.619 [main] INFO  s.d.s.w.r.operation.CachingOperationNameGenerator:40 - Generating unique operation named: editUsingPUT_2
2020-12-16 13:13:15.619 [main] INFO  s.d.s.w.r.operation.CachingOperationNameGenerator:40 - Generating unique operation named: queryByIdUsingGET_2
2020-12-16 13:13:15.619 [main] INFO  s.d.s.w.r.operation.CachingOperationNameGenerator:40 - Generating unique operation named: queryPageListUsingGET_2
2020-12-16 13:13:15.619 [main] INFO  s.d.s.w.r.operation.CachingOperationNameGenerator:40 - Generating unique operation named: addHelmetUsingGET_1
2020-12-16 13:13:15.634 [main] INFO  s.d.s.w.r.operation.CachingOperationNameGenerator:40 - Generating unique operation named: getListUsingGET_1
2020-12-16 13:13:15.634 [main] INFO  s.d.s.w.r.operation.CachingOperationNameGenerator:40 - Generating unique operation named: addUsingPOST_3
2020-12-16 13:13:15.634 [main] INFO  s.d.s.w.r.operation.CachingOperationNameGenerator:40 - Generating unique operation named: deleteUsingDELETE_3
2020-12-16 13:13:15.634 [main] INFO  s.d.s.w.r.operation.CachingOperationNameGenerator:40 - Generating unique operation named: deleteBatchUsingDELETE_3
2020-12-16 13:13:15.634 [main] INFO  s.d.s.w.r.operation.CachingOperationNameGenerator:40 - Generating unique operation named: editUsingPUT_3
2020-12-16 13:13:15.650 [main] INFO  s.d.s.w.r.operation.CachingOperationNameGenerator:40 - Generating unique operation named: queryByIdUsingGET_3
2020-12-16 13:13:15.650 [main] INFO  s.d.s.w.r.operation.CachingOperationNameGenerator:40 - Generating unique operation named: addUsingPOST_4
2020-12-16 13:13:15.650 [main] INFO  s.d.s.w.r.operation.CachingOperationNameGenerator:40 - Generating unique operation named: deleteUsingDELETE_4
2020-12-16 13:13:15.650 [main] INFO  s.d.s.w.r.operation.CachingOperationNameGenerator:40 - Generating unique operation named: deleteBatchUsingDELETE_4
2020-12-16 13:13:15.665 [main] INFO  s.d.s.w.r.operation.CachingOperationNameGenerator:40 - Generating unique operation named: editUsingPUT_4
2020-12-16 13:13:15.665 [main] INFO  s.d.s.w.r.operation.CachingOperationNameGenerator:40 - Generating unique operation named: queryByIdUsingGET_4
2020-12-16 13:13:15.665 [main] INFO  s.d.s.w.r.operation.CachingOperationNameGenerator:40 - Generating unique operation named: queryPageListUsingGET_3
2020-12-16 13:13:15.665 [main] INFO  s.d.s.w.r.operation.CachingOperationNameGenerator:40 - Generating unique operation named: queryPageListUsingGET_4
2020-12-16 13:13:15.665 [main] INFO  s.d.s.w.r.operation.CachingOperationNameGenerator:40 - Generating unique operation named: addUsingPOST_5
2020-12-16 13:13:15.665 [main] INFO  s.d.s.w.r.operation.CachingOperationNameGenerator:40 - Generating unique operation named: deleteUsingDELETE_5
2020-12-16 13:13:15.665 [main] INFO  s.d.s.w.r.operation.CachingOperationNameGenerator:40 - Generating unique operation named: deleteBatchUsingDELETE_5
2020-12-16 13:13:15.665 [main] INFO  s.d.s.w.r.operation.CachingOperationNameGenerator:40 - Generating unique operation named: editUsingPUT_5
2020-12-16 13:13:15.665 [main] INFO  s.d.s.w.r.operation.CachingOperationNameGenerator:40 - Generating unique operation named: queryByIdUsingGET_5
2020-12-16 13:13:15.665 [main] INFO  s.d.s.w.r.operation.CachingOperationNameGenerator:40 - Generating unique operation named: queryPageListUsingGET_5
2020-12-16 13:13:15.681 [main] INFO  s.d.s.w.r.operation.CachingOperationNameGenerator:40 - Generating unique operation named: addUsingPOST_6
2020-12-16 13:13:15.681 [main] INFO  s.d.s.w.r.operation.CachingOperationNameGenerator:40 - Generating unique operation named: deleteUsingDELETE_6
2020-12-16 13:13:15.681 [main] INFO  s.d.s.w.r.operation.CachingOperationNameGenerator:40 - Generating unique operation named: deleteBatchUsingDELETE_6
2020-12-16 13:13:15.681 [main] INFO  s.d.s.w.r.operation.CachingOperationNameGenerator:40 - Generating unique operation named: editUsingPUT_6
2020-12-16 13:13:15.697 [main] INFO  s.d.s.w.r.operation.CachingOperationNameGenerator:40 - Generating unique operation named: queryPageListUsingGET_6
2020-12-16 13:13:15.697 [main] INFO  s.d.s.w.r.operation.CachingOperationNameGenerator:40 - Generating unique operation named: queryPageListUsingGET_7
2020-12-16 13:13:15.697 [main] INFO  s.d.s.w.r.operation.CachingOperationNameGenerator:40 - Generating unique operation named: addUsingPOST_7
2020-12-16 13:13:15.697 [main] INFO  s.d.s.w.r.operation.CachingOperationNameGenerator:40 - Generating unique operation named: deleteUsingDELETE_7
2020-12-16 13:13:15.697 [main] INFO  s.d.s.w.r.operation.CachingOperationNameGenerator:40 - Generating unique operation named: deleteBatchUsingDELETE_7
2020-12-16 13:13:15.697 [main] INFO  s.d.s.w.r.operation.CachingOperationNameGenerator:40 - Generating unique operation named: queryByIdUsingGET_6
2020-12-16 13:13:15.697 [main] INFO  s.d.s.w.r.operation.CachingOperationNameGenerator:40 - Generating unique operation named: queryPageListUsingGET_8
2020-12-16 13:13:15.712 [main] INFO  s.d.s.w.r.operation.CachingOperationNameGenerator:40 - Generating unique operation named: addUsingPOST_8
2020-12-16 13:13:15.712 [main] INFO  s.d.s.w.r.operation.CachingOperationNameGenerator:40 - Generating unique operation named: deleteBatchUsingDELETE_8
2020-12-16 13:13:15.712 [main] INFO  s.d.s.w.r.operation.CachingOperationNameGenerator:40 - Generating unique operation named: editUsingPUT_7
2020-12-16 13:13:15.712 [main] INFO  s.d.s.w.r.operation.CachingOperationNameGenerator:40 - Generating unique operation named: queryByIdUsingGET_7
2020-12-16 13:13:15.712 [main] INFO  s.d.s.w.r.operation.CachingOperationNameGenerator:40 - Generating unique operation named: queryPageListUsingGET_9
2020-12-16 13:13:15.712 [main] INFO  s.d.s.w.r.operation.CachingOperationNameGenerator:40 - Generating unique operation named: queryPageListUsingGET_10
2020-12-16 13:13:15.728 [main] INFO  s.d.s.w.r.operation.CachingOperationNameGenerator:40 - Generating unique operation named: addUsingPOST_9
2020-12-16 13:13:15.728 [main] INFO  s.d.s.w.r.operation.CachingOperationNameGenerator:40 - Generating unique operation named: deleteUsingDELETE_8
2020-12-16 13:13:15.728 [main] INFO  s.d.s.w.r.operation.CachingOperationNameGenerator:40 - Generating unique operation named: deleteBatchUsingDELETE_9
2020-12-16 13:13:15.728 [main] INFO  s.d.s.w.r.operation.CachingOperationNameGenerator:40 - Generating unique operation named: editUsingPUT_8
2020-12-16 13:13:15.728 [main] INFO  s.d.s.w.r.operation.CachingOperationNameGenerator:40 - Generating unique operation named: queryByIdUsingGET_8
2020-12-16 13:13:15.728 [main] INFO  s.d.s.w.r.operation.CachingOperationNameGenerator:40 - Generating unique operation named: queryPageListUsingGET_11
2020-12-16 13:13:15.728 [main] INFO  s.d.s.w.r.operation.CachingOperationNameGenerator:40 - Generating unique operation named: addUsingPOST_10
2020-12-16 13:13:15.728 [main] INFO  s.d.s.w.r.operation.CachingOperationNameGenerator:40 - Generating unique operation named: deleteUsingDELETE_9
2020-12-16 13:13:15.728 [main] INFO  s.d.s.w.r.operation.CachingOperationNameGenerator:40 - Generating unique operation named: deleteBatchUsingDELETE_10
2020-12-16 13:13:15.728 [main] INFO  s.d.s.w.r.operation.CachingOperationNameGenerator:40 - Generating unique operation named: editUsingPUT_9
2020-12-16 13:13:15.728 [main] INFO  s.d.s.w.r.operation.CachingOperationNameGenerator:40 - Generating unique operation named: queryByIdUsingGET_9
2020-12-16 13:13:15.744 [main] INFO  s.d.s.w.r.operation.CachingOperationNameGenerator:40 - Generating unique operation named: queryPageListUsingGET_12
2020-12-16 13:13:15.744 [main] INFO  s.d.s.w.r.operation.CachingOperationNameGenerator:40 - Generating unique operation named: addUsingPOST_11
2020-12-16 13:13:15.744 [main] INFO  s.d.s.w.r.operation.CachingOperationNameGenerator:40 - Generating unique operation named: deleteUsingDELETE_10
2020-12-16 13:13:15.744 [main] INFO  s.d.s.w.r.operation.CachingOperationNameGenerator:40 - Generating unique operation named: deleteBatchUsingDELETE_11
2020-12-16 13:13:15.744 [main] INFO  s.d.s.w.r.operation.CachingOperationNameGenerator:40 - Generating unique operation named: editUsingPUT_10
2020-12-16 13:13:15.744 [main] INFO  s.d.s.w.r.operation.CachingOperationNameGenerator:40 - Generating unique operation named: queryByIdUsingGET_10
2020-12-16 13:13:15.744 [main] INFO  s.d.s.w.r.operation.CachingOperationNameGenerator:40 - Generating unique operation named: queryPageListUsingGET_13
2020-12-16 13:13:15.744 [main] INFO  s.d.s.w.r.operation.CachingOperationNameGenerator:40 - Generating unique operation named: addUsingPOST_12
2020-12-16 13:13:15.744 [main] INFO  s.d.s.w.r.operation.CachingOperationNameGenerator:40 - Generating unique operation named: deleteUsingDELETE_11
2020-12-16 13:13:15.744 [main] INFO  s.d.s.w.r.operation.CachingOperationNameGenerator:40 - Generating unique operation named: deleteBatchUsingDELETE_12
2020-12-16 13:13:15.759 [main] INFO  s.d.s.w.r.operation.CachingOperationNameGenerator:40 - Generating unique operation named: editUsingPUT_11
2020-12-16 13:13:15.759 [main] INFO  s.d.s.w.r.operation.CachingOperationNameGenerator:40 - Generating unique operation named: queryByIdUsingGET_11
2020-12-16 13:13:15.759 [main] INFO  s.d.s.w.r.operation.CachingOperationNameGenerator:40 - Generating unique operation named: queryPageListUsingGET_14
2020-12-16 13:13:15.759 [main] INFO  s.d.s.w.r.operation.CachingOperationNameGenerator:40 - Generating unique operation named: addUsingPOST_13
2020-12-16 13:13:15.759 [main] INFO  s.d.s.w.r.operation.CachingOperationNameGenerator:40 - Generating unique operation named: deleteUsingDELETE_12
2020-12-16 13:13:15.759 [main] INFO  s.d.s.w.r.operation.CachingOperationNameGenerator:40 - Generating unique operation named: deleteBatchUsingDELETE_13
2020-12-16 13:13:15.759 [main] INFO  s.d.s.w.r.operation.CachingOperationNameGenerator:40 - Generating unique operation named: editUsingPUT_12
2020-12-16 13:13:15.759 [main] INFO  s.d.s.w.r.operation.CachingOperationNameGenerator:40 - Generating unique operation named: queryByIdUsingGET_12
2020-12-16 13:13:15.759 [main] INFO  s.d.s.w.r.operation.CachingOperationNameGenerator:40 - Generating unique operation named: queryPageListUsingGET_15
2020-12-16 13:13:15.759 [main] INFO  s.d.s.w.r.operation.CachingOperationNameGenerator:40 - Generating unique operation named: getProjectListPermissionUsingGET_1
2020-12-16 13:13:15.775 [main] INFO  s.d.s.w.r.operation.CachingOperationNameGenerator:40 - Generating unique operation named: addUsingPOST_14
2020-12-16 13:13:15.775 [main] INFO  s.d.s.w.r.operation.CachingOperationNameGenerator:40 - Generating unique operation named: deleteUsingDELETE_13
2020-12-16 13:13:15.775 [main] INFO  s.d.s.w.r.operation.CachingOperationNameGenerator:40 - Generating unique operation named: deleteBatchUsingDELETE_14
2020-12-16 13:13:15.775 [main] INFO  s.d.s.w.r.operation.CachingOperationNameGenerator:40 - Generating unique operation named: editUsingPUT_13
2020-12-16 13:13:15.775 [main] INFO  s.d.s.w.r.operation.CachingOperationNameGenerator:40 - Generating unique operation named: queryByIdUsingGET_13
2020-12-16 13:13:15.775 [main] INFO  s.d.s.w.r.operation.CachingOperationNameGenerator:40 - Generating unique operation named: queryPageListUsingGET_16
2020-12-16 13:13:15.790 [main] INFO  s.d.s.w.r.operation.CachingOperationNameGenerator:40 - Generating unique operation named: addUsingPOST_15
2020-12-16 13:13:15.790 [main] INFO  s.d.s.w.r.operation.CachingOperationNameGenerator:40 - Generating unique operation named: deleteUsingDELETE_14
2020-12-16 13:13:15.790 [main] INFO  s.d.s.w.r.operation.CachingOperationNameGenerator:40 - Generating unique operation named: deleteBatchUsingDELETE_15
2020-12-16 13:13:15.790 [main] INFO  s.d.s.w.r.operation.CachingOperationNameGenerator:40 - Generating unique operation named: editUsingPUT_14
2020-12-16 13:13:15.790 [main] INFO  s.d.s.w.r.operation.CachingOperationNameGenerator:40 - Generating unique operation named: queryByIdUsingGET_14
2020-12-16 13:13:15.790 [main] INFO  s.d.s.w.r.operation.CachingOperationNameGenerator:40 - Generating unique operation named: queryPageListUsingGET_17
2020-12-16 13:13:15.790 [main] INFO  s.d.s.w.r.operation.CachingOperationNameGenerator:40 - Generating unique operation named: addUsingPOST_16
2020-12-16 13:13:15.790 [main] INFO  s.d.s.w.r.operation.CachingOperationNameGenerator:40 - Generating unique operation named: deleteUsingDELETE_15
2020-12-16 13:13:15.790 [main] INFO  s.d.s.w.r.operation.CachingOperationNameGenerator:40 - Generating unique operation named: deleteBatchUsingDELETE_16
2020-12-16 13:13:15.790 [main] INFO  s.d.s.w.r.operation.CachingOperationNameGenerator:40 - Generating unique operation named: editUsingPUT_15
2020-12-16 13:13:15.790 [main] INFO  s.d.s.w.r.operation.CachingOperationNameGenerator:40 - Generating unique operation named: queryByIdUsingGET_15
2020-12-16 13:13:15.806 [main] INFO  s.d.s.w.r.operation.CachingOperationNameGenerator:40 - Generating unique operation named: queryPageListUsingGET_18
2020-12-16 13:13:15.837 [main] INFO  o.s.scheduling.quartz.SchedulerFactoryBean:726 - Starting Quartz Scheduler now
2020-12-16 13:13:15.837 [main] INFO  o.s.scheduling.quartz.LocalDataSourceJobStore:866 - Freed 0 triggers from 'acquired' / 'blocked' state.
2020-12-16 13:13:15.853 [main] INFO  o.s.scheduling.quartz.LocalDataSourceJobStore:876 - Recovering 0 jobs that were in-progress at the time of the last shut-down.
2020-12-16 13:13:15.853 [main] INFO  o.s.scheduling.quartz.LocalDataSourceJobStore:889 - Recovery complete.
2020-12-16 13:13:15.853 [main] INFO  o.s.scheduling.quartz.LocalDataSourceJobStore:896 - Removed 0 'complete' triggers.
2020-12-16 13:13:15.853 [main] INFO  o.s.scheduling.quartz.LocalDataSourceJobStore:901 - Removed 0 stale fired job entries.
2020-12-16 13:13:15.869 [main] INFO  org.quartz.core.QuartzScheduler:547 - Scheduler MyScheduler_$_NON_CLUSTERED started.
2020-12-16 13:13:15.884 [main] INFO  org.apache.coyote.http11.Http11NioProtocol:173 - Starting ProtocolHandler ["http-nio-8080"]
2020-12-16 13:13:15.900 [main] INFO  o.s.boot.web.embedded.tomcat.TomcatWebServer:204 - Tomcat started on port(s): 8080 (http) with context path '/jeecg-boot'
2020-12-16 13:13:15.900 [main] INFO  org.jeecg.JeecgApplication:59 - Started JeecgApplication in 33.075 seconds (JVM running for 35.589)
2020-12-16 13:13:15.925 [main] INFO  org.jeecg.JeecgApplication:35 - 
----------------------------------------------------------
	Application Jeecg-Boot is running! Access URLs:
	Local: 		http://localhost:8080/jeecg-boot/
	External: 	http://172.168.201.33:8080/jeecg-boot/
	Swagger-UI: 		http://172.168.201.33:8080/jeecg-boot/doc.html
----------------------------------------------------------
2020-12-16 13:13:40.019 [http-nio-8080-exec-1] INFO  o.a.c.c.C.[Tomcat].[localhost].[/jeecg-boot]:173 - Initializing Spring DispatcherServlet 'dispatcherServlet'
2020-12-16 13:13:40.020 [http-nio-8080-exec-1] INFO  org.springframework.web.servlet.DispatcherServlet:524 - Initializing Servlet 'dispatcherServlet'
2020-12-16 13:13:40.034 [http-nio-8080-exec-1] INFO  org.springframework.web.servlet.DispatcherServlet:546 - Completed initialization in 13 ms
